2023-12-29 00:50:44.498  INFO 12848 --- [main] (system) c.t.b.service.Impl.FoodServiceImplTest   : Starting FoodServiceImplTest using Java 17.0.8 with PID 12848 (started by 23745 in D:\Class\大三秋季学期\软件工程\TriGuard\TriGuardBackend)
2023-12-29 00:50:44.502  INFO 12848 --- [main] (system) c.t.b.service.Impl.FoodServiceImplTest   : The following 1 profile is active: "dev"
2023-12-29 00:50:46.341  INFO 12848 --- [main] (system) .s.d.r.c.RepositoryConfigurationDelegate : Multiple Spring Data modules found, entering strict repository configuration mode
2023-12-29 00:50:46.350  INFO 12848 --- [main] (system) .s.d.r.c.RepositoryConfigurationDelegate : Bootstrapping Spring Data Redis repositories in DEFAULT mode.
2023-12-29 00:50:46.458  INFO 12848 --- [main] (system) .s.d.r.c.RepositoryConfigurationDelegate : Finished Spring Data repository scanning in 56 ms. Found 0 Redis repository interfaces.
2023-12-29 00:50:51.222  INFO 12848 --- [main] (system) o.s.s.web.DefaultSecurityFilterChain     : Will secure any request with [org.springframework.security.web.session.DisableEncodeUrlFilter@730b8cfa, org.springframework.security.web.context.request.async.WebAsyncManagerIntegrationFilter@453ea7f6, org.springframework.security.web.context.SecurityContextHolderFilter@2676ac68, org.springframework.security.web.header.HeaderWriterFilter@71b99cc6, org.springframework.security.web.authentication.logout.LogoutFilter@7a4764bb, com.triguard.backend.filter.JwtAuthenticationFilter@48a26095, com.triguard.backend.filter.RequestLogFilter@79ae4822, org.springframework.security.web.authentication.UsernamePasswordAuthenticationFilter@1ff06f00, org.springframework.security.web.savedrequest.RequestCacheAwareFilter@4c00efa, org.springframework.security.web.servletapi.SecurityContextHolderAwareRequestFilter@66e8fa2c, org.springframework.security.web.authentication.AnonymousAuthenticationFilter@56ed77b1, org.springframework.security.web.session.SessionManagementFilter@209fa1fc, org.springframework.security.web.access.ExceptionTranslationFilter@6f3d6bb2, org.springframework.security.web.access.intercept.AuthorizationFilter@653e6996]
2023-12-29 00:50:52.731  INFO 12848 --- [main] (system) o.f.c.internal.license.VersionPrinter    : Flyway Community Edition 9.16.3 by Redgate
2023-12-29 00:50:52.731  INFO 12848 --- [main] (system) o.f.c.internal.license.VersionPrinter    : See release notes here: https://rd.gt/416ObMi
2023-12-29 00:50:52.731  INFO 12848 --- [main] (system) o.f.c.internal.license.VersionPrinter    : 
2023-12-29 00:50:52.743  INFO 12848 --- [main] (system) com.zaxxer.hikari.HikariDataSource       : HikariPool-1 - Starting...
2023-12-29 00:50:53.036  INFO 12848 --- [main] (system) com.zaxxer.hikari.pool.HikariPool        : HikariPool-1 - Added connection com.mysql.cj.jdbc.ConnectionImpl@310e0749
2023-12-29 00:50:53.038  INFO 12848 --- [main] (system) com.zaxxer.hikari.HikariDataSource       : HikariPool-1 - Start completed.
2023-12-29 00:50:53.084  INFO 12848 --- [main] (system) o.f.c.i.database.base.BaseDatabaseType   : Database: jdbc:mysql://localhost:3306/triguard (MySQL 8.0)
2023-12-29 00:50:53.139  INFO 12848 --- [main] (system) o.f.core.internal.command.DbValidate     : Successfully validated 1 migration (execution time 00:00.023s)
2023-12-29 00:50:53.156  INFO 12848 --- [main] (system) o.f.core.internal.command.DbMigrate      : Current version of schema `triguard`: 1
2023-12-29 00:50:53.157  INFO 12848 --- [main] (system) o.f.core.internal.command.DbMigrate      : Schema `triguard` is up to date. No migration necessary.
2023-12-29 00:50:53.396  INFO 12848 --- [main] (system) o.s.a.r.c.CachingConnectionFactory       : Attempting to connect to: [localhost:5672]
2023-12-29 00:50:53.408  INFO 12848 --- [main] (system) o.s.a.r.l.SimpleMessageListenerContainer : Broker not available; cannot force queue declarations during start: java.net.ConnectException: Connection refused: no further information
2023-12-29 00:50:53.419  INFO 12848 --- [org.springframework.amqp.rabbit.RabbitListenerEndpointContainer#0-1] (system) o.s.a.r.c.CachingConnectionFactory       : Attempting to connect to: [localhost:5672]
2023-12-29 00:50:53.433 ERROR 12848 --- [org.springframework.amqp.rabbit.RabbitListenerEndpointContainer#0-1] (system) o.s.a.r.l.SimpleMessageListenerContainer : Failed to check/redeclare auto-delete queue(s).

org.springframework.amqp.AmqpConnectException: java.net.ConnectException: Connection refused: no further information
	at org.springframework.amqp.rabbit.support.RabbitExceptionTranslator.convertRabbitAccessException(RabbitExceptionTranslator.java:61)
	at org.springframework.amqp.rabbit.connection.AbstractConnectionFactory.createBareConnection(AbstractConnectionFactory.java:594)
	at org.springframework.amqp.rabbit.connection.CachingConnectionFactory.createConnection(CachingConnectionFactory.java:711)
	at org.springframework.amqp.rabbit.connection.ConnectionFactoryUtils.createConnection(ConnectionFactoryUtils.java:257)
	at org.springframework.amqp.rabbit.core.RabbitTemplate.doExecute(RabbitTemplate.java:2225)
	at org.springframework.amqp.rabbit.core.RabbitTemplate.execute(RabbitTemplate.java:2198)
	at org.springframework.amqp.rabbit.core.RabbitTemplate.execute(RabbitTemplate.java:2178)
	at org.springframework.amqp.rabbit.core.RabbitAdmin.getQueueInfo(RabbitAdmin.java:465)
	at org.springframework.amqp.rabbit.core.RabbitAdmin.getQueueProperties(RabbitAdmin.java:449)
	at org.springframework.amqp.rabbit.listener.AbstractMessageListenerContainer.attemptDeclarations(AbstractMessageListenerContainer.java:1937)
	at org.springframework.amqp.rabbit.listener.AbstractMessageListenerContainer.redeclareElementsIfNecessary(AbstractMessageListenerContainer.java:1905)
	at org.springframework.amqp.rabbit.listener.SimpleMessageListenerContainer$AsyncMessageProcessingConsumer.initialize(SimpleMessageListenerContainer.java:1381)
	at org.springframework.amqp.rabbit.listener.SimpleMessageListenerContainer$AsyncMessageProcessingConsumer.run(SimpleMessageListenerContainer.java:1223)
	at java.base/java.lang.Thread.run(Thread.java:833)
Caused by: java.net.ConnectException: Connection refused: no further information
	at java.base/sun.nio.ch.Net.pollConnect(Native Method)
	at java.base/sun.nio.ch.Net.pollConnectNow(Net.java:672)
	at java.base/sun.nio.ch.NioSocketImpl.timedFinishConnect(NioSocketImpl.java:542)
	at java.base/sun.nio.ch.NioSocketImpl.connect(NioSocketImpl.java:597)
	at java.base/java.net.SocksSocketImpl.connect(SocksSocketImpl.java:327)
	at java.base/java.net.Socket.connect(Socket.java:633)
	at com.rabbitmq.client.impl.SocketFrameHandlerFactory.create(SocketFrameHandlerFactory.java:61)
	at com.rabbitmq.client.ConnectionFactory.newConnection(ConnectionFactory.java:1234)
	at com.rabbitmq.client.ConnectionFactory.newConnection(ConnectionFactory.java:1184)
	at org.springframework.amqp.rabbit.connection.AbstractConnectionFactory.connectAddresses(AbstractConnectionFactory.java:632)
	at org.springframework.amqp.rabbit.connection.AbstractConnectionFactory.connect(AbstractConnectionFactory.java:607)
	at org.springframework.amqp.rabbit.connection.AbstractConnectionFactory.createBareConnection(AbstractConnectionFactory.java:557)
	... 12 common frames omitted

2023-12-29 00:50:53.443  INFO 12848 --- [org.springframework.amqp.rabbit.RabbitListenerEndpointContainer#0-1] (system) o.s.a.r.c.CachingConnectionFactory       : Attempting to connect to: [localhost:5672]
2023-12-29 00:50:53.457  INFO 12848 --- [main] (system) c.t.b.service.Impl.FoodServiceImplTest   : Started FoodServiceImplTest in 9.946 seconds (process running for 12.926)
2023-12-29 00:50:54.598  INFO 12848 --- [main] (system) t.c.s.AnnotationConfigContextLoaderUtils : Could not detect default configuration classes for test class [com.triguard.backend.TriGuardBackendApplicationTests]: TriGuardBackendApplicationTests does not declare any static, non-private, non-final, nested classes annotated with @Configuration.
2023-12-29 00:50:54.607  INFO 12848 --- [main] (system) .b.t.c.SpringBootTestContextBootstrapper : Found @SpringBootConfiguration com.triguard.backend.TriGuardBackendApplication for test class com.triguard.backend.TriGuardBackendApplicationTests
2023-12-29 00:50:55.365  INFO 12848 --- [org.springframework.amqp.rabbit.RabbitListenerEndpointContainer#0-2] (system) o.s.a.r.l.SimpleMessageListenerContainer : Waiting for workers to finish.
2023-12-29 00:50:55.366  INFO 12848 --- [org.springframework.amqp.rabbit.RabbitListenerEndpointContainer#0-2] (system) o.s.a.r.l.SimpleMessageListenerContainer : Successfully waited for workers to finish.
2023-12-29 00:50:55.371  INFO 12848 --- [SpringApplicationShutdownHook] (system) com.zaxxer.hikari.HikariDataSource       : HikariPool-1 - Shutdown initiated...
2023-12-29 00:50:55.376  INFO 12848 --- [SpringApplicationShutdownHook] (system) com.zaxxer.hikari.HikariDataSource       : HikariPool-1 - Shutdown completed.
2023-12-29 00:58:05.019  INFO 29416 --- [main] (system) c.t.b.service.Impl.FoodServiceImplTest   : Starting FoodServiceImplTest using Java 17.0.8 with PID 29416 (started by 23745 in D:\Class\大三秋季学期\软件工程\TriGuard\TriGuardBackend)
2023-12-29 00:58:05.022  INFO 29416 --- [main] (system) c.t.b.service.Impl.FoodServiceImplTest   : The following 1 profile is active: "dev"
2023-12-29 00:58:06.898  INFO 29416 --- [main] (system) .s.d.r.c.RepositoryConfigurationDelegate : Multiple Spring Data modules found, entering strict repository configuration mode
2023-12-29 00:58:06.904  INFO 29416 --- [main] (system) .s.d.r.c.RepositoryConfigurationDelegate : Bootstrapping Spring Data Redis repositories in DEFAULT mode.
2023-12-29 00:58:07.014  INFO 29416 --- [main] (system) .s.d.r.c.RepositoryConfigurationDelegate : Finished Spring Data repository scanning in 57 ms. Found 0 Redis repository interfaces.
2023-12-29 00:58:11.582  INFO 29416 --- [main] (system) o.s.s.web.DefaultSecurityFilterChain     : Will secure any request with [org.springframework.security.web.session.DisableEncodeUrlFilter@730b8cfa, org.springframework.security.web.context.request.async.WebAsyncManagerIntegrationFilter@453ea7f6, org.springframework.security.web.context.SecurityContextHolderFilter@2676ac68, org.springframework.security.web.header.HeaderWriterFilter@71b99cc6, org.springframework.security.web.authentication.logout.LogoutFilter@7a4764bb, com.triguard.backend.filter.JwtAuthenticationFilter@48a26095, com.triguard.backend.filter.RequestLogFilter@79ae4822, org.springframework.security.web.authentication.UsernamePasswordAuthenticationFilter@1ff06f00, org.springframework.security.web.savedrequest.RequestCacheAwareFilter@4c00efa, org.springframework.security.web.servletapi.SecurityContextHolderAwareRequestFilter@66e8fa2c, org.springframework.security.web.authentication.AnonymousAuthenticationFilter@56ed77b1, org.springframework.security.web.session.SessionManagementFilter@209fa1fc, org.springframework.security.web.access.ExceptionTranslationFilter@6f3d6bb2, org.springframework.security.web.access.intercept.AuthorizationFilter@653e6996]
2023-12-29 00:58:12.999  INFO 29416 --- [main] (system) o.f.c.internal.license.VersionPrinter    : Flyway Community Edition 9.16.3 by Redgate
2023-12-29 00:58:12.999  INFO 29416 --- [main] (system) o.f.c.internal.license.VersionPrinter    : See release notes here: https://rd.gt/416ObMi
2023-12-29 00:58:12.999  INFO 29416 --- [main] (system) o.f.c.internal.license.VersionPrinter    : 
2023-12-29 00:58:13.011  INFO 29416 --- [main] (system) com.zaxxer.hikari.HikariDataSource       : HikariPool-1 - Starting...
2023-12-29 00:58:13.273  INFO 29416 --- [main] (system) com.zaxxer.hikari.pool.HikariPool        : HikariPool-1 - Added connection com.mysql.cj.jdbc.ConnectionImpl@709bc399
2023-12-29 00:58:13.275  INFO 29416 --- [main] (system) com.zaxxer.hikari.HikariDataSource       : HikariPool-1 - Start completed.
2023-12-29 00:58:13.318  INFO 29416 --- [main] (system) o.f.c.i.database.base.BaseDatabaseType   : Database: jdbc:mysql://localhost:3306/triguard (MySQL 8.0)
2023-12-29 00:58:13.363  INFO 29416 --- [main] (system) o.f.core.internal.command.DbValidate     : Successfully validated 1 migration (execution time 00:00.017s)
2023-12-29 00:58:13.377  INFO 29416 --- [main] (system) o.f.core.internal.command.DbMigrate      : Current version of schema `triguard`: 1
2023-12-29 00:58:13.379  INFO 29416 --- [main] (system) o.f.core.internal.command.DbMigrate      : Schema `triguard` is up to date. No migration necessary.
2023-12-29 00:58:13.610  INFO 29416 --- [main] (system) o.s.a.r.c.CachingConnectionFactory       : Attempting to connect to: [localhost:5672]
2023-12-29 00:58:13.690  INFO 29416 --- [main] (system) o.s.a.r.c.CachingConnectionFactory       : Created new connection: rabbitConnectionFactory#66ce59d9:0/SimpleConnection@5a3b5af [delegate=amqp://guest@127.0.0.1:5672/, localPort=54101]
2023-12-29 00:58:13.749  INFO 29416 --- [main] (system) c.t.b.service.Impl.FoodServiceImplTest   : Started FoodServiceImplTest in 9.726 seconds (process running for 12.317)
2023-12-29 00:58:14.784  INFO 29416 --- [main] (system) t.c.s.AnnotationConfigContextLoaderUtils : Could not detect default configuration classes for test class [com.triguard.backend.TriGuardBackendApplicationTests]: TriGuardBackendApplicationTests does not declare any static, non-private, non-final, nested classes annotated with @Configuration.
2023-12-29 00:58:14.794  INFO 29416 --- [main] (system) .b.t.c.SpringBootTestContextBootstrapper : Found @SpringBootConfiguration com.triguard.backend.TriGuardBackendApplication for test class com.triguard.backend.TriGuardBackendApplicationTests
2023-12-29 00:58:15.569  INFO 29416 --- [org.springframework.amqp.rabbit.RabbitListenerEndpointContainer#0-2] (system) o.s.a.r.l.SimpleMessageListenerContainer : Waiting for workers to finish.
2023-12-29 00:58:15.750  INFO 29416 --- [org.springframework.amqp.rabbit.RabbitListenerEndpointContainer#0-2] (system) o.s.a.r.l.SimpleMessageListenerContainer : Successfully waited for workers to finish.
2023-12-29 00:58:15.761  INFO 29416 --- [SpringApplicationShutdownHook] (system) com.zaxxer.hikari.HikariDataSource       : HikariPool-1 - Shutdown initiated...
2023-12-29 00:58:15.768  INFO 29416 --- [SpringApplicationShutdownHook] (system) com.zaxxer.hikari.HikariDataSource       : HikariPool-1 - Shutdown completed.
2023-12-29 01:03:27.395  INFO 4796 --- [main] (system) c.t.b.service.Impl.FoodServiceImplTest   : Starting FoodServiceImplTest using Java 17.0.8 with PID 4796 (started by 23745 in D:\Class\大三秋季学期\软件工程\TriGuard\TriGuardBackend)
2023-12-29 01:03:27.401  INFO 4796 --- [main] (system) c.t.b.service.Impl.FoodServiceImplTest   : The following 1 profile is active: "dev"
2023-12-29 01:03:29.222  INFO 4796 --- [main] (system) .s.d.r.c.RepositoryConfigurationDelegate : Multiple Spring Data modules found, entering strict repository configuration mode
2023-12-29 01:03:29.230  INFO 4796 --- [main] (system) .s.d.r.c.RepositoryConfigurationDelegate : Bootstrapping Spring Data Redis repositories in DEFAULT mode.
2023-12-29 01:03:29.353  INFO 4796 --- [main] (system) .s.d.r.c.RepositoryConfigurationDelegate : Finished Spring Data repository scanning in 60 ms. Found 0 Redis repository interfaces.
2023-12-29 01:03:33.900  INFO 4796 --- [main] (system) o.s.s.web.DefaultSecurityFilterChain     : Will secure any request with [org.springframework.security.web.session.DisableEncodeUrlFilter@2a1c6186, org.springframework.security.web.context.request.async.WebAsyncManagerIntegrationFilter@e0d5388, org.springframework.security.web.context.SecurityContextHolderFilter@33b0c483, org.springframework.security.web.header.HeaderWriterFilter@280de5ae, org.springframework.security.web.authentication.logout.LogoutFilter@510e260d, com.triguard.backend.filter.JwtAuthenticationFilter@471e3e69, com.triguard.backend.filter.RequestLogFilter@82076de, org.springframework.security.web.authentication.UsernamePasswordAuthenticationFilter@684d5845, org.springframework.security.web.savedrequest.RequestCacheAwareFilter@7e75c292, org.springframework.security.web.servletapi.SecurityContextHolderAwareRequestFilter@344ae64b, org.springframework.security.web.authentication.AnonymousAuthenticationFilter@4179260d, org.springframework.security.web.session.SessionManagementFilter@44c74781, org.springframework.security.web.access.ExceptionTranslationFilter@8c84fb8, org.springframework.security.web.access.intercept.AuthorizationFilter@50bb6465]
2023-12-29 01:03:35.285  INFO 4796 --- [main] (system) o.f.c.internal.license.VersionPrinter    : Flyway Community Edition 9.16.3 by Redgate
2023-12-29 01:03:35.285  INFO 4796 --- [main] (system) o.f.c.internal.license.VersionPrinter    : See release notes here: https://rd.gt/416ObMi
2023-12-29 01:03:35.285  INFO 4796 --- [main] (system) o.f.c.internal.license.VersionPrinter    : 
2023-12-29 01:03:35.296  INFO 4796 --- [main] (system) com.zaxxer.hikari.HikariDataSource       : HikariPool-1 - Starting...
2023-12-29 01:03:35.567  INFO 4796 --- [main] (system) com.zaxxer.hikari.pool.HikariPool        : HikariPool-1 - Added connection com.mysql.cj.jdbc.ConnectionImpl@4675f5b0
2023-12-29 01:03:35.569  INFO 4796 --- [main] (system) com.zaxxer.hikari.HikariDataSource       : HikariPool-1 - Start completed.
2023-12-29 01:03:35.608  INFO 4796 --- [main] (system) o.f.c.i.database.base.BaseDatabaseType   : Database: jdbc:mysql://localhost:3306/triguard (MySQL 8.0)
2023-12-29 01:03:35.649  INFO 4796 --- [main] (system) o.f.core.internal.command.DbValidate     : Successfully validated 1 migration (execution time 00:00.016s)
2023-12-29 01:03:35.665  INFO 4796 --- [main] (system) o.f.core.internal.command.DbMigrate      : Current version of schema `triguard`: 1
2023-12-29 01:03:35.666  INFO 4796 --- [main] (system) o.f.core.internal.command.DbMigrate      : Schema `triguard` is up to date. No migration necessary.
2023-12-29 01:03:35.956  INFO 4796 --- [main] (system) o.s.a.r.c.CachingConnectionFactory       : Attempting to connect to: [localhost:5672]
2023-12-29 01:03:36.056  INFO 4796 --- [main] (system) o.s.a.r.c.CachingConnectionFactory       : Created new connection: rabbitConnectionFactory#237a41ff:0/SimpleConnection@4af4d738 [delegate=amqp://guest@127.0.0.1:5672/, localPort=58731]
2023-12-29 01:03:36.164  INFO 4796 --- [main] (system) c.t.b.service.Impl.FoodServiceImplTest   : Started FoodServiceImplTest in 9.597 seconds (process running for 12.176)
2023-12-29 01:03:37.334  INFO 4796 --- [main] (system) t.c.s.AnnotationConfigContextLoaderUtils : Could not detect default configuration classes for test class [com.triguard.backend.TriGuardBackendApplicationTests]: TriGuardBackendApplicationTests does not declare any static, non-private, non-final, nested classes annotated with @Configuration.
2023-12-29 01:03:37.350  INFO 4796 --- [main] (system) .b.t.c.SpringBootTestContextBootstrapper : Found @SpringBootConfiguration com.triguard.backend.TriGuardBackendApplication for test class com.triguard.backend.TriGuardBackendApplicationTests
2023-12-29 01:03:38.104  INFO 4796 --- [org.springframework.amqp.rabbit.RabbitListenerEndpointContainer#0-2] (system) o.s.a.r.l.SimpleMessageListenerContainer : Waiting for workers to finish.
2023-12-29 01:03:38.156  INFO 4796 --- [org.springframework.amqp.rabbit.RabbitListenerEndpointContainer#0-2] (system) o.s.a.r.l.SimpleMessageListenerContainer : Successfully waited for workers to finish.
2023-12-29 01:03:38.166  INFO 4796 --- [SpringApplicationShutdownHook] (system) com.zaxxer.hikari.HikariDataSource       : HikariPool-1 - Shutdown initiated...
2023-12-29 01:03:38.175  INFO 4796 --- [SpringApplicationShutdownHook] (system) com.zaxxer.hikari.HikariDataSource       : HikariPool-1 - Shutdown completed.
2023-12-29 01:05:50.221  INFO 21556 --- [main] (system) c.t.b.service.Impl.FoodServiceImplTest   : Starting FoodServiceImplTest using Java 17.0.8 with PID 21556 (started by 23745 in D:\Class\大三秋季学期\软件工程\TriGuard\TriGuardBackend)
2023-12-29 01:05:50.224  INFO 21556 --- [main] (system) c.t.b.service.Impl.FoodServiceImplTest   : The following 1 profile is active: "dev"
2023-12-29 01:05:52.114  INFO 21556 --- [main] (system) .s.d.r.c.RepositoryConfigurationDelegate : Multiple Spring Data modules found, entering strict repository configuration mode
2023-12-29 01:05:52.124  INFO 21556 --- [main] (system) .s.d.r.c.RepositoryConfigurationDelegate : Bootstrapping Spring Data Redis repositories in DEFAULT mode.
2023-12-29 01:05:52.250  INFO 21556 --- [main] (system) .s.d.r.c.RepositoryConfigurationDelegate : Finished Spring Data repository scanning in 70 ms. Found 0 Redis repository interfaces.
2023-12-29 01:05:57.337  INFO 21556 --- [main] (system) o.s.s.web.DefaultSecurityFilterChain     : Will secure any request with [org.springframework.security.web.session.DisableEncodeUrlFilter@18b9b269, org.springframework.security.web.context.request.async.WebAsyncManagerIntegrationFilter@2bda778a, org.springframework.security.web.context.SecurityContextHolderFilter@4aa0b026, org.springframework.security.web.header.HeaderWriterFilter@2e4382e5, org.springframework.security.web.authentication.logout.LogoutFilter@3338057a, com.triguard.backend.filter.JwtAuthenticationFilter@7e14627b, com.triguard.backend.filter.RequestLogFilter@7a51ba06, org.springframework.security.web.authentication.UsernamePasswordAuthenticationFilter@7d576ea9, org.springframework.security.web.savedrequest.RequestCacheAwareFilter@1a35041, org.springframework.security.web.servletapi.SecurityContextHolderAwareRequestFilter@6f88d401, org.springframework.security.web.authentication.AnonymousAuthenticationFilter@2fae65df, org.springframework.security.web.session.SessionManagementFilter@42e58f8e, org.springframework.security.web.access.ExceptionTranslationFilter@44eb9af1, org.springframework.security.web.access.intercept.AuthorizationFilter@5d548872]
2023-12-29 01:05:59.024  INFO 21556 --- [main] (system) o.f.c.internal.license.VersionPrinter    : Flyway Community Edition 9.16.3 by Redgate
2023-12-29 01:05:59.024  INFO 21556 --- [main] (system) o.f.c.internal.license.VersionPrinter    : See release notes here: https://rd.gt/416ObMi
2023-12-29 01:05:59.024  INFO 21556 --- [main] (system) o.f.c.internal.license.VersionPrinter    : 
2023-12-29 01:05:59.035  INFO 21556 --- [main] (system) com.zaxxer.hikari.HikariDataSource       : HikariPool-1 - Starting...
2023-12-29 01:05:59.317  INFO 21556 --- [main] (system) com.zaxxer.hikari.pool.HikariPool        : HikariPool-1 - Added connection com.mysql.cj.jdbc.ConnectionImpl@1edef11
2023-12-29 01:05:59.319  INFO 21556 --- [main] (system) com.zaxxer.hikari.HikariDataSource       : HikariPool-1 - Start completed.
2023-12-29 01:05:59.363  INFO 21556 --- [main] (system) o.f.c.i.database.base.BaseDatabaseType   : Database: jdbc:mysql://localhost:3306/triguard (MySQL 8.0)
2023-12-29 01:05:59.413  INFO 21556 --- [main] (system) o.f.core.internal.command.DbValidate     : Successfully validated 1 migration (execution time 00:00.019s)
2023-12-29 01:05:59.433  INFO 21556 --- [main] (system) o.f.core.internal.command.DbMigrate      : Current version of schema `triguard`: 1
2023-12-29 01:05:59.434  INFO 21556 --- [main] (system) o.f.core.internal.command.DbMigrate      : Schema `triguard` is up to date. No migration necessary.
2023-12-29 01:05:59.685  INFO 21556 --- [main] (system) o.s.a.r.c.CachingConnectionFactory       : Attempting to connect to: [localhost:5672]
2023-12-29 01:05:59.763  INFO 21556 --- [main] (system) o.s.a.r.c.CachingConnectionFactory       : Created new connection: rabbitConnectionFactory#cf97391:0/SimpleConnection@4edbf855 [delegate=amqp://guest@127.0.0.1:5672/, localPort=55810]
2023-12-29 01:05:59.833  INFO 21556 --- [main] (system) c.t.b.service.Impl.FoodServiceImplTest   : Started FoodServiceImplTest in 10.561 seconds (process running for 13.143)
2023-12-29 01:06:00.957  INFO 21556 --- [main] (system) t.c.s.AnnotationConfigContextLoaderUtils : Could not detect default configuration classes for test class [com.triguard.backend.TriGuardBackendApplicationTests]: TriGuardBackendApplicationTests does not declare any static, non-private, non-final, nested classes annotated with @Configuration.
2023-12-29 01:06:00.968  INFO 21556 --- [main] (system) .b.t.c.SpringBootTestContextBootstrapper : Found @SpringBootConfiguration com.triguard.backend.TriGuardBackendApplication for test class com.triguard.backend.TriGuardBackendApplicationTests
2023-12-29 01:06:01.713  INFO 21556 --- [org.springframework.amqp.rabbit.RabbitListenerEndpointContainer#0-2] (system) o.s.a.r.l.SimpleMessageListenerContainer : Waiting for workers to finish.
2023-12-29 01:06:01.829  INFO 21556 --- [org.springframework.amqp.rabbit.RabbitListenerEndpointContainer#0-2] (system) o.s.a.r.l.SimpleMessageListenerContainer : Successfully waited for workers to finish.
2023-12-29 01:06:01.839  INFO 21556 --- [SpringApplicationShutdownHook] (system) com.zaxxer.hikari.HikariDataSource       : HikariPool-1 - Shutdown initiated...
2023-12-29 01:06:01.847  INFO 21556 --- [SpringApplicationShutdownHook] (system) com.zaxxer.hikari.HikariDataSource       : HikariPool-1 - Shutdown completed.
2023-12-29 01:08:41.092  INFO 6652 --- [main] (system) c.t.b.service.Impl.FoodServiceImplTest   : Starting FoodServiceImplTest using Java 17.0.8 with PID 6652 (started by 23745 in D:\Class\大三秋季学期\软件工程\TriGuard\TriGuardBackend)
2023-12-29 01:08:41.095  INFO 6652 --- [main] (system) c.t.b.service.Impl.FoodServiceImplTest   : The following 1 profile is active: "dev"
2023-12-29 01:08:42.910  INFO 6652 --- [main] (system) .s.d.r.c.RepositoryConfigurationDelegate : Multiple Spring Data modules found, entering strict repository configuration mode
2023-12-29 01:08:42.917  INFO 6652 --- [main] (system) .s.d.r.c.RepositoryConfigurationDelegate : Bootstrapping Spring Data Redis repositories in DEFAULT mode.
2023-12-29 01:08:43.031  INFO 6652 --- [main] (system) .s.d.r.c.RepositoryConfigurationDelegate : Finished Spring Data repository scanning in 64 ms. Found 0 Redis repository interfaces.
2023-12-29 01:08:47.554  INFO 6652 --- [main] (system) o.s.s.web.DefaultSecurityFilterChain     : Will secure any request with [org.springframework.security.web.session.DisableEncodeUrlFilter@274b3fc6, org.springframework.security.web.context.request.async.WebAsyncManagerIntegrationFilter@9e3c653, org.springframework.security.web.context.SecurityContextHolderFilter@6a4899c, org.springframework.security.web.header.HeaderWriterFilter@c56ea7b, org.springframework.security.web.authentication.logout.LogoutFilter@197d38a, com.triguard.backend.filter.JwtAuthenticationFilter@6da075fe, com.triguard.backend.filter.RequestLogFilter@34d4aea7, org.springframework.security.web.authentication.UsernamePasswordAuthenticationFilter@7fc5199, org.springframework.security.web.savedrequest.RequestCacheAwareFilter@30d0e28e, org.springframework.security.web.servletapi.SecurityContextHolderAwareRequestFilter@5ca64b79, org.springframework.security.web.authentication.AnonymousAuthenticationFilter@4a9f02f4, org.springframework.security.web.session.SessionManagementFilter@35e50381, org.springframework.security.web.access.ExceptionTranslationFilter@2f6b60ee, org.springframework.security.web.access.intercept.AuthorizationFilter@1c486cec]
2023-12-29 01:08:48.881  INFO 6652 --- [main] (system) o.f.c.internal.license.VersionPrinter    : Flyway Community Edition 9.16.3 by Redgate
2023-12-29 01:08:48.881  INFO 6652 --- [main] (system) o.f.c.internal.license.VersionPrinter    : See release notes here: https://rd.gt/416ObMi
2023-12-29 01:08:48.881  INFO 6652 --- [main] (system) o.f.c.internal.license.VersionPrinter    : 
2023-12-29 01:08:48.894  INFO 6652 --- [main] (system) com.zaxxer.hikari.HikariDataSource       : HikariPool-1 - Starting...
2023-12-29 01:08:49.134  INFO 6652 --- [main] (system) com.zaxxer.hikari.pool.HikariPool        : HikariPool-1 - Added connection com.mysql.cj.jdbc.ConnectionImpl@79c19a59
2023-12-29 01:08:49.136  INFO 6652 --- [main] (system) com.zaxxer.hikari.HikariDataSource       : HikariPool-1 - Start completed.
2023-12-29 01:08:49.175  INFO 6652 --- [main] (system) o.f.c.i.database.base.BaseDatabaseType   : Database: jdbc:mysql://localhost:3306/triguard (MySQL 8.0)
2023-12-29 01:08:49.217  INFO 6652 --- [main] (system) o.f.core.internal.command.DbValidate     : Successfully validated 1 migration (execution time 00:00.015s)
2023-12-29 01:08:49.232  INFO 6652 --- [main] (system) o.f.core.internal.command.DbMigrate      : Current version of schema `triguard`: 1
2023-12-29 01:08:49.233  INFO 6652 --- [main] (system) o.f.core.internal.command.DbMigrate      : Schema `triguard` is up to date. No migration necessary.
2023-12-29 01:08:49.450  INFO 6652 --- [main] (system) o.s.a.r.c.CachingConnectionFactory       : Attempting to connect to: [localhost:5672]
2023-12-29 01:08:49.511  INFO 6652 --- [main] (system) o.s.a.r.c.CachingConnectionFactory       : Created new connection: rabbitConnectionFactory#70d28000:0/SimpleConnection@53d22605 [delegate=amqp://guest@127.0.0.1:5672/, localPort=55921]
2023-12-29 01:08:49.573  INFO 6652 --- [main] (system) c.t.b.service.Impl.FoodServiceImplTest   : Started FoodServiceImplTest in 9.448 seconds (process running for 12.029)
2023-12-29 01:08:50.541  INFO 6652 --- [main] (system) t.c.s.AnnotationConfigContextLoaderUtils : Could not detect default configuration classes for test class [com.triguard.backend.TriGuardBackendApplicationTests]: TriGuardBackendApplicationTests does not declare any static, non-private, non-final, nested classes annotated with @Configuration.
2023-12-29 01:08:50.551  INFO 6652 --- [main] (system) .b.t.c.SpringBootTestContextBootstrapper : Found @SpringBootConfiguration com.triguard.backend.TriGuardBackendApplication for test class com.triguard.backend.TriGuardBackendApplicationTests
2023-12-29 01:08:51.307  INFO 6652 --- [org.springframework.amqp.rabbit.RabbitListenerEndpointContainer#0-2] (system) o.s.a.r.l.SimpleMessageListenerContainer : Waiting for workers to finish.
2023-12-29 01:08:51.573  INFO 6652 --- [org.springframework.amqp.rabbit.RabbitListenerEndpointContainer#0-2] (system) o.s.a.r.l.SimpleMessageListenerContainer : Successfully waited for workers to finish.
2023-12-29 01:08:51.582  INFO 6652 --- [SpringApplicationShutdownHook] (system) com.zaxxer.hikari.HikariDataSource       : HikariPool-1 - Shutdown initiated...
2023-12-29 01:08:51.588  INFO 6652 --- [SpringApplicationShutdownHook] (system) com.zaxxer.hikari.HikariDataSource       : HikariPool-1 - Shutdown completed.
2023-12-29 01:12:15.383  INFO 20912 --- [main] (system) c.t.b.service.Impl.FoodServiceImplTest   : Starting FoodServiceImplTest using Java 17.0.8 with PID 20912 (started by 23745 in D:\Class\大三秋季学期\软件工程\TriGuard\TriGuardBackend)
2023-12-29 01:12:15.386  INFO 20912 --- [main] (system) c.t.b.service.Impl.FoodServiceImplTest   : The following 1 profile is active: "dev"
2023-12-29 01:12:17.306  INFO 20912 --- [main] (system) .s.d.r.c.RepositoryConfigurationDelegate : Multiple Spring Data modules found, entering strict repository configuration mode
2023-12-29 01:12:17.320  INFO 20912 --- [main] (system) .s.d.r.c.RepositoryConfigurationDelegate : Bootstrapping Spring Data Redis repositories in DEFAULT mode.
2023-12-29 01:12:17.427  INFO 20912 --- [main] (system) .s.d.r.c.RepositoryConfigurationDelegate : Finished Spring Data repository scanning in 53 ms. Found 0 Redis repository interfaces.
2023-12-29 01:12:22.110  INFO 20912 --- [main] (system) o.s.s.web.DefaultSecurityFilterChain     : Will secure any request with [org.springframework.security.web.session.DisableEncodeUrlFilter@19ea1606, org.springframework.security.web.context.request.async.WebAsyncManagerIntegrationFilter@1b3a8975, org.springframework.security.web.context.SecurityContextHolderFilter@39415641, org.springframework.security.web.header.HeaderWriterFilter@8c84fb8, org.springframework.security.web.authentication.logout.LogoutFilter@7b3b791b, com.triguard.backend.filter.JwtAuthenticationFilter@2a1c6186, com.triguard.backend.filter.RequestLogFilter@e0d5388, org.springframework.security.web.authentication.UsernamePasswordAuthenticationFilter@2fe172fe, org.springframework.security.web.savedrequest.RequestCacheAwareFilter@33b0c483, org.springframework.security.web.servletapi.SecurityContextHolderAwareRequestFilter@299f3c2, org.springframework.security.web.authentication.AnonymousAuthenticationFilter@471e3e69, org.springframework.security.web.session.SessionManagementFilter@280de5ae, org.springframework.security.web.access.ExceptionTranslationFilter@536af138, org.springframework.security.web.access.intercept.AuthorizationFilter@5dd02ce0]
2023-12-29 01:12:23.684  INFO 20912 --- [main] (system) o.f.c.internal.license.VersionPrinter    : Flyway Community Edition 9.16.3 by Redgate
2023-12-29 01:12:23.684  INFO 20912 --- [main] (system) o.f.c.internal.license.VersionPrinter    : See release notes here: https://rd.gt/416ObMi
2023-12-29 01:12:23.684  INFO 20912 --- [main] (system) o.f.c.internal.license.VersionPrinter    : 
2023-12-29 01:12:23.695  INFO 20912 --- [main] (system) com.zaxxer.hikari.HikariDataSource       : HikariPool-1 - Starting...
2023-12-29 01:12:24.007  INFO 20912 --- [main] (system) com.zaxxer.hikari.pool.HikariPool        : HikariPool-1 - Added connection com.mysql.cj.jdbc.ConnectionImpl@57b7287c
2023-12-29 01:12:24.009  INFO 20912 --- [main] (system) com.zaxxer.hikari.HikariDataSource       : HikariPool-1 - Start completed.
2023-12-29 01:12:24.060  INFO 20912 --- [main] (system) o.f.c.i.database.base.BaseDatabaseType   : Database: jdbc:mysql://localhost:3306/triguard (MySQL 8.0)
2023-12-29 01:12:24.120  INFO 20912 --- [main] (system) o.f.core.internal.command.DbValidate     : Successfully validated 1 migration (execution time 00:00.025s)
2023-12-29 01:12:24.138  INFO 20912 --- [main] (system) o.f.core.internal.command.DbMigrate      : Current version of schema `triguard`: 1
2023-12-29 01:12:24.139  INFO 20912 --- [main] (system) o.f.core.internal.command.DbMigrate      : Schema `triguard` is up to date. No migration necessary.
2023-12-29 01:12:24.391  INFO 20912 --- [main] (system) o.s.a.r.c.CachingConnectionFactory       : Attempting to connect to: [localhost:5672]
2023-12-29 01:12:24.475  INFO 20912 --- [main] (system) o.s.a.r.c.CachingConnectionFactory       : Created new connection: rabbitConnectionFactory#237a41ff:0/SimpleConnection@529df2e7 [delegate=amqp://guest@127.0.0.1:5672/, localPort=56186]
2023-12-29 01:12:24.544  INFO 20912 --- [main] (system) c.t.b.service.Impl.FoodServiceImplTest   : Started FoodServiceImplTest in 10.14 seconds (process running for 12.778)
2023-12-29 01:12:25.724  INFO 20912 --- [main] (system) t.c.s.AnnotationConfigContextLoaderUtils : Could not detect default configuration classes for test class [com.triguard.backend.TriGuardBackendApplicationTests]: TriGuardBackendApplicationTests does not declare any static, non-private, non-final, nested classes annotated with @Configuration.
2023-12-29 01:12:25.734  INFO 20912 --- [main] (system) .b.t.c.SpringBootTestContextBootstrapper : Found @SpringBootConfiguration com.triguard.backend.TriGuardBackendApplication for test class com.triguard.backend.TriGuardBackendApplicationTests
2023-12-29 01:12:26.498  INFO 20912 --- [org.springframework.amqp.rabbit.RabbitListenerEndpointContainer#0-2] (system) o.s.a.r.l.SimpleMessageListenerContainer : Waiting for workers to finish.
2023-12-29 01:12:26.543  INFO 20912 --- [org.springframework.amqp.rabbit.RabbitListenerEndpointContainer#0-2] (system) o.s.a.r.l.SimpleMessageListenerContainer : Successfully waited for workers to finish.
2023-12-29 01:12:26.554  INFO 20912 --- [SpringApplicationShutdownHook] (system) com.zaxxer.hikari.HikariDataSource       : HikariPool-1 - Shutdown initiated...
2023-12-29 01:12:26.564  INFO 20912 --- [SpringApplicationShutdownHook] (system) com.zaxxer.hikari.HikariDataSource       : HikariPool-1 - Shutdown completed.
2023-12-29 01:15:55.782  INFO 28552 --- [main] (system) c.t.b.service.Impl.FoodServiceImplTest   : Starting FoodServiceImplTest using Java 17.0.8 with PID 28552 (started by 23745 in D:\Class\大三秋季学期\软件工程\TriGuard\TriGuardBackend)
2023-12-29 01:15:55.784  INFO 28552 --- [main] (system) c.t.b.service.Impl.FoodServiceImplTest   : The following 1 profile is active: "dev"
2023-12-29 01:15:57.540  INFO 28552 --- [main] (system) .s.d.r.c.RepositoryConfigurationDelegate : Multiple Spring Data modules found, entering strict repository configuration mode
2023-12-29 01:15:57.547  INFO 28552 --- [main] (system) .s.d.r.c.RepositoryConfigurationDelegate : Bootstrapping Spring Data Redis repositories in DEFAULT mode.
2023-12-29 01:15:57.657  INFO 28552 --- [main] (system) .s.d.r.c.RepositoryConfigurationDelegate : Finished Spring Data repository scanning in 60 ms. Found 0 Redis repository interfaces.
2023-12-29 01:16:02.158  INFO 28552 --- [main] (system) o.s.s.web.DefaultSecurityFilterChain     : Will secure any request with [org.springframework.security.web.session.DisableEncodeUrlFilter@730b8cfa, org.springframework.security.web.context.request.async.WebAsyncManagerIntegrationFilter@453ea7f6, org.springframework.security.web.context.SecurityContextHolderFilter@2676ac68, org.springframework.security.web.header.HeaderWriterFilter@71b99cc6, org.springframework.security.web.authentication.logout.LogoutFilter@7a4764bb, com.triguard.backend.filter.JwtAuthenticationFilter@48a26095, com.triguard.backend.filter.RequestLogFilter@79ae4822, org.springframework.security.web.authentication.UsernamePasswordAuthenticationFilter@1ff06f00, org.springframework.security.web.savedrequest.RequestCacheAwareFilter@4c00efa, org.springframework.security.web.servletapi.SecurityContextHolderAwareRequestFilter@66e8fa2c, org.springframework.security.web.authentication.AnonymousAuthenticationFilter@56ed77b1, org.springframework.security.web.session.SessionManagementFilter@209fa1fc, org.springframework.security.web.access.ExceptionTranslationFilter@6f3d6bb2, org.springframework.security.web.access.intercept.AuthorizationFilter@653e6996]
2023-12-29 01:16:03.651  INFO 28552 --- [main] (system) o.f.c.internal.license.VersionPrinter    : Flyway Community Edition 9.16.3 by Redgate
2023-12-29 01:16:03.652  INFO 28552 --- [main] (system) o.f.c.internal.license.VersionPrinter    : See release notes here: https://rd.gt/416ObMi
2023-12-29 01:16:03.652  INFO 28552 --- [main] (system) o.f.c.internal.license.VersionPrinter    : 
2023-12-29 01:16:03.668  INFO 28552 --- [main] (system) com.zaxxer.hikari.HikariDataSource       : HikariPool-1 - Starting...
2023-12-29 01:16:03.985  INFO 28552 --- [main] (system) com.zaxxer.hikari.pool.HikariPool        : HikariPool-1 - Added connection com.mysql.cj.jdbc.ConnectionImpl@7ac8e06a
2023-12-29 01:16:03.988  INFO 28552 --- [main] (system) com.zaxxer.hikari.HikariDataSource       : HikariPool-1 - Start completed.
2023-12-29 01:16:04.030  INFO 28552 --- [main] (system) o.f.c.i.database.base.BaseDatabaseType   : Database: jdbc:mysql://localhost:3306/triguard (MySQL 8.0)
2023-12-29 01:16:04.080  INFO 28552 --- [main] (system) o.f.core.internal.command.DbValidate     : Successfully validated 1 migration (execution time 00:00.019s)
2023-12-29 01:16:04.100  INFO 28552 --- [main] (system) o.f.core.internal.command.DbMigrate      : Current version of schema `triguard`: 1
2023-12-29 01:16:04.102  INFO 28552 --- [main] (system) o.f.core.internal.command.DbMigrate      : Schema `triguard` is up to date. No migration necessary.
2023-12-29 01:16:04.371  INFO 28552 --- [main] (system) o.s.a.r.c.CachingConnectionFactory       : Attempting to connect to: [localhost:5672]
2023-12-29 01:16:04.466  INFO 28552 --- [main] (system) o.s.a.r.c.CachingConnectionFactory       : Created new connection: rabbitConnectionFactory#66ce59d9:0/SimpleConnection@5a3b5af [delegate=amqp://guest@127.0.0.1:5672/, localPort=51645]
2023-12-29 01:16:04.557  INFO 28552 --- [main] (system) c.t.b.service.Impl.FoodServiceImplTest   : Started FoodServiceImplTest in 9.58 seconds (process running for 12.181)
2023-12-29 01:16:05.518  INFO 28552 --- [main] (system) t.c.s.AnnotationConfigContextLoaderUtils : Could not detect default configuration classes for test class [com.triguard.backend.TriGuardBackendApplicationTests]: TriGuardBackendApplicationTests does not declare any static, non-private, non-final, nested classes annotated with @Configuration.
2023-12-29 01:16:05.531  INFO 28552 --- [main] (system) .b.t.c.SpringBootTestContextBootstrapper : Found @SpringBootConfiguration com.triguard.backend.TriGuardBackendApplication for test class com.triguard.backend.TriGuardBackendApplicationTests
2023-12-29 01:16:06.298  INFO 28552 --- [org.springframework.amqp.rabbit.RabbitListenerEndpointContainer#0-2] (system) o.s.a.r.l.SimpleMessageListenerContainer : Waiting for workers to finish.
2023-12-29 01:16:06.551  INFO 28552 --- [org.springframework.amqp.rabbit.RabbitListenerEndpointContainer#0-2] (system) o.s.a.r.l.SimpleMessageListenerContainer : Successfully waited for workers to finish.
2023-12-29 01:16:06.561  INFO 28552 --- [SpringApplicationShutdownHook] (system) com.zaxxer.hikari.HikariDataSource       : HikariPool-1 - Shutdown initiated...
2023-12-29 01:16:06.569  INFO 28552 --- [SpringApplicationShutdownHook] (system) com.zaxxer.hikari.HikariDataSource       : HikariPool-1 - Shutdown completed.
