2023-11-22 20:16:57.007  INFO 26800 --- [main] (system) c.t.b.service.BloodPressureServiceTest   : Starting BloodPressureServiceTest using Java 17.0.8 with PID 26800 (started by 23745 in D:\Class\大三秋季学期\软件工程\TriGuard\TriGuardBackend)
2023-11-22 20:16:57.009  INFO 26800 --- [main] (system) c.t.b.service.BloodPressureServiceTest   : The following 1 profile is active: "dev"
2023-11-22 20:16:58.288  INFO 26800 --- [main] (system) .s.d.r.c.RepositoryConfigurationDelegate : Multiple Spring Data modules found, entering strict repository configuration mode
2023-11-22 20:16:58.291  INFO 26800 --- [main] (system) .s.d.r.c.RepositoryConfigurationDelegate : Bootstrapping Spring Data Redis repositories in DEFAULT mode.
2023-11-22 20:16:58.338  INFO 26800 --- [main] (system) .s.d.r.c.RepositoryConfigurationDelegate : Finished Spring Data repository scanning in 13 ms. Found 0 Redis repository interfaces.
2023-11-22 20:17:01.109  INFO 26800 --- [main] (system) o.s.s.web.DefaultSecurityFilterChain     : Will secure any request with [org.springframework.security.web.session.DisableEncodeUrlFilter@7a8b7e11, org.springframework.security.web.context.request.async.WebAsyncManagerIntegrationFilter@d229912, org.springframework.security.web.context.SecurityContextHolderFilter@4aba7617, org.springframework.security.web.header.HeaderWriterFilter@68f79b7c, org.springframework.security.web.authentication.logout.LogoutFilter@46fa2a7e, com.triguard.backend.filter.JwtAuthenticationFilter@5a06eeef, com.triguard.backend.filter.RequestLogFilter@1c0cf193, org.springframework.security.web.authentication.UsernamePasswordAuthenticationFilter@50d666a2, org.springframework.security.web.savedrequest.RequestCacheAwareFilter@1031c1a0, org.springframework.security.web.servletapi.SecurityContextHolderAwareRequestFilter@3fd9e01c, org.springframework.security.web.authentication.AnonymousAuthenticationFilter@3dd66ff5, org.springframework.security.web.session.SessionManagementFilter@264576e4, org.springframework.security.web.access.ExceptionTranslationFilter@6fefc5ea, org.springframework.security.web.access.intercept.AuthorizationFilter@603c2dee]
2023-11-22 20:17:02.210  INFO 26800 --- [main] (system) o.f.c.internal.license.VersionPrinter    : Flyway Community Edition 9.16.3 by Redgate
2023-11-22 20:17:02.210  INFO 26800 --- [main] (system) o.f.c.internal.license.VersionPrinter    : See release notes here: https://rd.gt/416ObMi
2023-11-22 20:17:02.210  INFO 26800 --- [main] (system) o.f.c.internal.license.VersionPrinter    : 
2023-11-22 20:17:02.217  INFO 26800 --- [main] (system) com.zaxxer.hikari.HikariDataSource       : HikariPool-1 - Starting...
2023-11-22 20:17:02.358  INFO 26800 --- [main] (system) com.zaxxer.hikari.pool.HikariPool        : HikariPool-1 - Added connection com.mysql.cj.jdbc.ConnectionImpl@68f1b89
2023-11-22 20:17:02.360  INFO 26800 --- [main] (system) com.zaxxer.hikari.HikariDataSource       : HikariPool-1 - Start completed.
2023-11-22 20:17:02.394  INFO 26800 --- [main] (system) o.f.c.i.database.base.BaseDatabaseType   : Database: jdbc:mysql://localhost:3306/triguard (MySQL 8.0)
2023-11-22 20:17:02.433  INFO 26800 --- [main] (system) o.f.core.internal.command.DbValidate     : Successfully validated 1 migration (execution time 00:00.015s)
2023-11-22 20:17:02.447  INFO 26800 --- [main] (system) o.f.core.internal.command.DbMigrate      : Current version of schema `triguard`: 1
2023-11-22 20:17:02.448  INFO 26800 --- [main] (system) o.f.core.internal.command.DbMigrate      : Schema `triguard` is up to date. No migration necessary.
2023-11-22 20:17:02.627  INFO 26800 --- [main] (system) o.s.a.r.c.CachingConnectionFactory       : Attempting to connect to: [localhost:5672]
2023-11-22 20:17:02.756  INFO 26800 --- [main] (system) o.s.a.r.c.CachingConnectionFactory       : Created new connection: rabbitConnectionFactory#580c17a0:0/SimpleConnection@614ae4eb [delegate=amqp://guest@127.0.0.1:5672/, localPort=59385]
2023-11-22 20:17:02.838  INFO 26800 --- [main] (system) c.t.b.service.BloodPressureServiceTest   : Started BloodPressureServiceTest in 6.377 seconds (process running for 7.411)
2023-11-22 20:17:04.223  INFO 26800 --- [org.springframework.amqp.rabbit.RabbitListenerEndpointContainer#0-2] (system) o.s.a.r.l.SimpleMessageListenerContainer : Waiting for workers to finish.
2023-11-22 20:17:04.840  INFO 26800 --- [org.springframework.amqp.rabbit.RabbitListenerEndpointContainer#0-2] (system) o.s.a.r.l.SimpleMessageListenerContainer : Successfully waited for workers to finish.
2023-11-22 20:17:04.849  INFO 26800 --- [SpringApplicationShutdownHook] (system) com.zaxxer.hikari.HikariDataSource       : HikariPool-1 - Shutdown initiated...
2023-11-22 20:17:04.863  INFO 26800 --- [SpringApplicationShutdownHook] (system) com.zaxxer.hikari.HikariDataSource       : HikariPool-1 - Shutdown completed.
2023-11-22 20:28:46.513  INFO 5380 --- [main] (system) c.t.b.service.BloodPressureServiceTest   : Starting BloodPressureServiceTest using Java 17.0.8 with PID 5380 (started by 23745 in D:\Class\大三秋季学期\软件工程\TriGuard\TriGuardBackend)
2023-11-22 20:28:46.514  INFO 5380 --- [main] (system) c.t.b.service.BloodPressureServiceTest   : The following 1 profile is active: "dev"
2023-11-22 20:28:47.845  INFO 5380 --- [main] (system) o.f.c.internal.license.VersionPrinter    : Flyway Community Edition 9.16.3 by Redgate
2023-11-22 20:28:47.845  INFO 5380 --- [main] (system) o.f.c.internal.license.VersionPrinter    : See release notes here: https://rd.gt/416ObMi
2023-11-22 20:28:47.845  INFO 5380 --- [main] (system) o.f.c.internal.license.VersionPrinter    : 
2023-11-22 20:28:47.861  INFO 5380 --- [main] (system) com.zaxxer.hikari.HikariDataSource       : HikariPool-1 - Starting...
2023-11-22 20:28:48.098  INFO 5380 --- [main] (system) com.zaxxer.hikari.pool.HikariPool        : HikariPool-1 - Added connection com.mysql.cj.jdbc.ConnectionImpl@6fde6f05
2023-11-22 20:28:48.100  INFO 5380 --- [main] (system) com.zaxxer.hikari.HikariDataSource       : HikariPool-1 - Start completed.
2023-11-22 20:28:48.134  INFO 5380 --- [main] (system) o.f.c.i.database.base.BaseDatabaseType   : Database: jdbc:mysql://localhost:3306/triguard (MySQL 8.0)
2023-11-22 20:28:48.171  INFO 5380 --- [main] (system) o.f.core.internal.command.DbValidate     : Successfully validated 1 migration (execution time 00:00.014s)
2023-11-22 20:28:48.185  INFO 5380 --- [main] (system) o.f.core.internal.command.DbMigrate      : Current version of schema `triguard`: 1
2023-11-22 20:28:48.185  INFO 5380 --- [main] (system) o.f.core.internal.command.DbMigrate      : Schema `triguard` is up to date. No migration necessary.
2023-11-22 20:28:48.509  INFO 5380 --- [main] (system) c.t.b.service.BloodPressureServiceTest   : Started BloodPressureServiceTest in 2.531 seconds (process running for 4.414)
2023-11-22 20:28:48.652  INFO 5380 --- [SpringApplicationShutdownHook] (system) com.zaxxer.hikari.HikariDataSource       : HikariPool-1 - Shutdown initiated...
2023-11-22 20:28:48.663  INFO 5380 --- [SpringApplicationShutdownHook] (system) com.zaxxer.hikari.HikariDataSource       : HikariPool-1 - Shutdown completed.
2023-11-22 20:33:51.699  INFO 7332 --- [main] (system) c.t.b.service.BloodPressureServiceTest   : Starting BloodPressureServiceTest using Java 17.0.8 with PID 7332 (started by 23745 in D:\Class\大三秋季学期\软件工程\TriGuard\TriGuardBackend)
2023-11-22 20:33:51.702  INFO 7332 --- [main] (system) c.t.b.service.BloodPressureServiceTest   : The following 1 profile is active: "dev"
2023-11-22 20:33:53.048  INFO 7332 --- [main] (system) .s.d.r.c.RepositoryConfigurationDelegate : Multiple Spring Data modules found, entering strict repository configuration mode
2023-11-22 20:33:53.054  INFO 7332 --- [main] (system) .s.d.r.c.RepositoryConfigurationDelegate : Bootstrapping Spring Data Redis repositories in DEFAULT mode.
2023-11-22 20:33:53.084  INFO 7332 --- [main] (system) .s.d.r.c.RepositoryConfigurationDelegate : Finished Spring Data repository scanning in 13 ms. Found 0 Redis repository interfaces.
2023-11-22 20:33:55.950  INFO 7332 --- [main] (system) o.s.s.web.DefaultSecurityFilterChain     : Will secure any request with [org.springframework.security.web.session.DisableEncodeUrlFilter@2411b935, org.springframework.security.web.context.request.async.WebAsyncManagerIntegrationFilter@1425e531, org.springframework.security.web.context.SecurityContextHolderFilter@79135a38, org.springframework.security.web.header.HeaderWriterFilter@4e4bfd9c, org.springframework.security.web.authentication.logout.LogoutFilter@97b84a4, com.triguard.backend.filter.JwtAuthenticationFilter@194e78af, com.triguard.backend.filter.RequestLogFilter@4fe4503a, org.springframework.security.web.authentication.UsernamePasswordAuthenticationFilter@7a021f49, org.springframework.security.web.savedrequest.RequestCacheAwareFilter@563c3aca, org.springframework.security.web.servletapi.SecurityContextHolderAwareRequestFilter@17a7d6c8, org.springframework.security.web.authentication.AnonymousAuthenticationFilter@669580e2, org.springframework.security.web.session.SessionManagementFilter@24954e82, org.springframework.security.web.access.ExceptionTranslationFilter@322ab6ce, org.springframework.security.web.access.intercept.AuthorizationFilter@24010875]
2023-11-22 20:33:57.076  INFO 7332 --- [main] (system) o.f.c.internal.license.VersionPrinter    : Flyway Community Edition 9.16.3 by Redgate
2023-11-22 20:33:57.076  INFO 7332 --- [main] (system) o.f.c.internal.license.VersionPrinter    : See release notes here: https://rd.gt/416ObMi
2023-11-22 20:33:57.076  INFO 7332 --- [main] (system) o.f.c.internal.license.VersionPrinter    : 
2023-11-22 20:33:57.086  INFO 7332 --- [main] (system) com.zaxxer.hikari.HikariDataSource       : HikariPool-1 - Starting...
2023-11-22 20:33:57.274  INFO 7332 --- [main] (system) com.zaxxer.hikari.pool.HikariPool        : HikariPool-1 - Added connection com.mysql.cj.jdbc.ConnectionImpl@71891d6b
2023-11-22 20:33:57.277  INFO 7332 --- [main] (system) com.zaxxer.hikari.HikariDataSource       : HikariPool-1 - Start completed.
2023-11-22 20:33:57.323  INFO 7332 --- [main] (system) o.f.c.i.database.base.BaseDatabaseType   : Database: jdbc:mysql://localhost:3306/triguard (MySQL 8.0)
2023-11-22 20:33:57.358  INFO 7332 --- [main] (system) o.f.core.internal.command.DbValidate     : Successfully validated 1 migration (execution time 00:00.012s)
2023-11-22 20:33:57.369  INFO 7332 --- [main] (system) o.f.core.internal.command.DbMigrate      : Current version of schema `triguard`: 1
2023-11-22 20:33:57.369  INFO 7332 --- [main] (system) o.f.core.internal.command.DbMigrate      : Schema `triguard` is up to date. No migration necessary.
2023-11-22 20:33:57.500  INFO 7332 --- [main] (system) o.s.a.r.c.CachingConnectionFactory       : Attempting to connect to: [localhost:5672]
2023-11-22 20:33:57.543  INFO 7332 --- [main] (system) o.s.a.r.c.CachingConnectionFactory       : Created new connection: rabbitConnectionFactory#528e5e38:0/SimpleConnection@6097f225 [delegate=amqp://guest@127.0.0.1:5672/, localPort=49187]
2023-11-22 20:33:57.591  INFO 7332 --- [main] (system) c.t.b.service.BloodPressureServiceTest   : Started BloodPressureServiceTest in 6.401 seconds (process running for 7.417)
2023-11-22 20:33:58.298  INFO 7332 --- [org.springframework.amqp.rabbit.RabbitListenerEndpointContainer#0-2] (system) o.s.a.r.l.SimpleMessageListenerContainer : Waiting for workers to finish.
2023-11-22 20:33:58.590  INFO 7332 --- [org.springframework.amqp.rabbit.RabbitListenerEndpointContainer#0-2] (system) o.s.a.r.l.SimpleMessageListenerContainer : Successfully waited for workers to finish.
2023-11-22 20:33:58.596  INFO 7332 --- [SpringApplicationShutdownHook] (system) com.zaxxer.hikari.HikariDataSource       : HikariPool-1 - Shutdown initiated...
2023-11-22 20:33:58.602  INFO 7332 --- [SpringApplicationShutdownHook] (system) com.zaxxer.hikari.HikariDataSource       : HikariPool-1 - Shutdown completed.
2023-11-22 20:35:27.963  INFO 8636 --- [main] (system) c.t.b.service.BloodPressureServiceTest   : Starting BloodPressureServiceTest using Java 17.0.8 with PID 8636 (started by 23745 in D:\Class\大三秋季学期\软件工程\TriGuard\TriGuardBackend)
2023-11-22 20:35:27.966  INFO 8636 --- [main] (system) c.t.b.service.BloodPressureServiceTest   : The following 1 profile is active: "dev"
2023-11-22 20:35:29.233  INFO 8636 --- [main] (system) .s.d.r.c.RepositoryConfigurationDelegate : Multiple Spring Data modules found, entering strict repository configuration mode
2023-11-22 20:35:29.236  INFO 8636 --- [main] (system) .s.d.r.c.RepositoryConfigurationDelegate : Bootstrapping Spring Data Redis repositories in DEFAULT mode.
2023-11-22 20:35:29.266  INFO 8636 --- [main] (system) .s.d.r.c.RepositoryConfigurationDelegate : Finished Spring Data repository scanning in 15 ms. Found 0 Redis repository interfaces.
2023-11-22 20:35:32.082  INFO 8636 --- [main] (system) o.s.s.web.DefaultSecurityFilterChain     : Will secure any request with [org.springframework.security.web.session.DisableEncodeUrlFilter@5d15789f, org.springframework.security.web.context.request.async.WebAsyncManagerIntegrationFilter@5abb7a8f, org.springframework.security.web.context.SecurityContextHolderFilter@5e46a125, org.springframework.security.web.header.HeaderWriterFilter@6df87ffd, org.springframework.security.web.authentication.logout.LogoutFilter@75de7009, com.triguard.backend.filter.JwtAuthenticationFilter@6684589a, com.triguard.backend.filter.RequestLogFilter@5621a671, org.springframework.security.web.authentication.UsernamePasswordAuthenticationFilter@983050b, org.springframework.security.web.savedrequest.RequestCacheAwareFilter@608f310a, org.springframework.security.web.servletapi.SecurityContextHolderAwareRequestFilter@1ce6a9bd, org.springframework.security.web.authentication.AnonymousAuthenticationFilter@2006fdaa, org.springframework.security.web.session.SessionManagementFilter@642c5bb3, org.springframework.security.web.access.ExceptionTranslationFilter@4535bdc6, org.springframework.security.web.access.intercept.AuthorizationFilter@17189618]
2023-11-22 20:35:33.166  INFO 8636 --- [main] (system) o.f.c.internal.license.VersionPrinter    : Flyway Community Edition 9.16.3 by Redgate
2023-11-22 20:35:33.167  INFO 8636 --- [main] (system) o.f.c.internal.license.VersionPrinter    : See release notes here: https://rd.gt/416ObMi
2023-11-22 20:35:33.167  INFO 8636 --- [main] (system) o.f.c.internal.license.VersionPrinter    : 
2023-11-22 20:35:33.173  INFO 8636 --- [main] (system) com.zaxxer.hikari.HikariDataSource       : HikariPool-1 - Starting...
2023-11-22 20:35:33.331  INFO 8636 --- [main] (system) com.zaxxer.hikari.pool.HikariPool        : HikariPool-1 - Added connection com.mysql.cj.jdbc.ConnectionImpl@3e1c5e0d
2023-11-22 20:35:33.335  INFO 8636 --- [main] (system) com.zaxxer.hikari.HikariDataSource       : HikariPool-1 - Start completed.
2023-11-22 20:35:33.375  INFO 8636 --- [main] (system) o.f.c.i.database.base.BaseDatabaseType   : Database: jdbc:mysql://localhost:3306/triguard (MySQL 8.0)
2023-11-22 20:35:33.412  INFO 8636 --- [main] (system) o.f.core.internal.command.DbValidate     : Successfully validated 1 migration (execution time 00:00.014s)
2023-11-22 20:35:33.426  INFO 8636 --- [main] (system) o.f.core.internal.command.DbMigrate      : Current version of schema `triguard`: 1
2023-11-22 20:35:33.427  INFO 8636 --- [main] (system) o.f.core.internal.command.DbMigrate      : Schema `triguard` is up to date. No migration necessary.
2023-11-22 20:35:33.650  INFO 8636 --- [main] (system) o.s.a.r.c.CachingConnectionFactory       : Attempting to connect to: [localhost:5672]
2023-11-22 20:35:33.767  INFO 8636 --- [main] (system) o.s.a.r.c.CachingConnectionFactory       : Created new connection: rabbitConnectionFactory#3dd2b9c1:0/SimpleConnection@b272860 [delegate=amqp://guest@127.0.0.1:5672/, localPort=49259]
2023-11-22 20:35:33.853  INFO 8636 --- [main] (system) c.t.b.service.BloodPressureServiceTest   : Started BloodPressureServiceTest in 6.431 seconds (process running for 7.61)
2023-11-22 20:35:35.258  INFO 8636 --- [org.springframework.amqp.rabbit.RabbitListenerEndpointContainer#0-2] (system) o.s.a.r.l.SimpleMessageListenerContainer : Waiting for workers to finish.
2023-11-22 20:35:35.856  INFO 8636 --- [org.springframework.amqp.rabbit.RabbitListenerEndpointContainer#0-2] (system) o.s.a.r.l.SimpleMessageListenerContainer : Successfully waited for workers to finish.
2023-11-22 20:35:35.866  INFO 8636 --- [SpringApplicationShutdownHook] (system) com.zaxxer.hikari.HikariDataSource       : HikariPool-1 - Shutdown initiated...
2023-11-22 20:35:35.881  INFO 8636 --- [SpringApplicationShutdownHook] (system) com.zaxxer.hikari.HikariDataSource       : HikariPool-1 - Shutdown completed.
2023-11-22 20:38:21.169  INFO 24228 --- [main] (system) c.t.b.service.BloodPressureServiceTest   : Starting BloodPressureServiceTest using Java 17.0.8 with PID 24228 (started by 23745 in D:\Class\大三秋季学期\软件工程\TriGuard\TriGuardBackend)
2023-11-22 20:38:21.170  INFO 24228 --- [main] (system) c.t.b.service.BloodPressureServiceTest   : The following 1 profile is active: "dev"
2023-11-22 20:38:22.429  INFO 24228 --- [main] (system) .s.d.r.c.RepositoryConfigurationDelegate : Multiple Spring Data modules found, entering strict repository configuration mode
2023-11-22 20:38:22.432  INFO 24228 --- [main] (system) .s.d.r.c.RepositoryConfigurationDelegate : Bootstrapping Spring Data Redis repositories in DEFAULT mode.
2023-11-22 20:38:22.470  INFO 24228 --- [main] (system) .s.d.r.c.RepositoryConfigurationDelegate : Finished Spring Data repository scanning in 14 ms. Found 0 Redis repository interfaces.
2023-11-22 20:38:25.228  INFO 24228 --- [main] (system) o.s.s.web.DefaultSecurityFilterChain     : Will secure any request with [org.springframework.security.web.session.DisableEncodeUrlFilter@2d2af12e, org.springframework.security.web.context.request.async.WebAsyncManagerIntegrationFilter@611587f7, org.springframework.security.web.context.SecurityContextHolderFilter@674ed201, org.springframework.security.web.header.HeaderWriterFilter@5ffd35dd, org.springframework.security.web.authentication.logout.LogoutFilter@71418a4a, com.triguard.backend.filter.JwtAuthenticationFilter@4d0abb23, com.triguard.backend.filter.RequestLogFilter@6ab1f85b, org.springframework.security.web.authentication.UsernamePasswordAuthenticationFilter@2cdcfaa6, org.springframework.security.web.savedrequest.RequestCacheAwareFilter@114b2414, org.springframework.security.web.servletapi.SecurityContextHolderAwareRequestFilter@2a6c751f, org.springframework.security.web.authentication.AnonymousAuthenticationFilter@10e8c7a2, org.springframework.security.web.session.SessionManagementFilter@4cacccbf, org.springframework.security.web.access.ExceptionTranslationFilter@2c0a3826, org.springframework.security.web.access.intercept.AuthorizationFilter@23358740]
2023-11-22 20:38:26.384  INFO 24228 --- [main] (system) o.f.c.internal.license.VersionPrinter    : Flyway Community Edition 9.16.3 by Redgate
2023-11-22 20:38:26.385  INFO 24228 --- [main] (system) o.f.c.internal.license.VersionPrinter    : See release notes here: https://rd.gt/416ObMi
2023-11-22 20:38:26.385  INFO 24228 --- [main] (system) o.f.c.internal.license.VersionPrinter    : 
2023-11-22 20:38:26.390  INFO 24228 --- [main] (system) com.zaxxer.hikari.HikariDataSource       : HikariPool-1 - Starting...
2023-11-22 20:38:26.528  INFO 24228 --- [main] (system) com.zaxxer.hikari.pool.HikariPool        : HikariPool-1 - Added connection com.mysql.cj.jdbc.ConnectionImpl@7aef8000
2023-11-22 20:38:26.530  INFO 24228 --- [main] (system) com.zaxxer.hikari.HikariDataSource       : HikariPool-1 - Start completed.
2023-11-22 20:38:26.561  INFO 24228 --- [main] (system) o.f.c.i.database.base.BaseDatabaseType   : Database: jdbc:mysql://localhost:3306/triguard (MySQL 8.0)
2023-11-22 20:38:26.599  INFO 24228 --- [main] (system) o.f.core.internal.command.DbValidate     : Successfully validated 1 migration (execution time 00:00.013s)
2023-11-22 20:38:26.612  INFO 24228 --- [main] (system) o.f.core.internal.command.DbMigrate      : Current version of schema `triguard`: 1
2023-11-22 20:38:26.613  INFO 24228 --- [main] (system) o.f.core.internal.command.DbMigrate      : Schema `triguard` is up to date. No migration necessary.
2023-11-22 20:38:26.825  INFO 24228 --- [main] (system) o.s.a.r.c.CachingConnectionFactory       : Attempting to connect to: [localhost:5672]
2023-11-22 20:38:26.940  INFO 24228 --- [main] (system) o.s.a.r.c.CachingConnectionFactory       : Created new connection: rabbitConnectionFactory#25fa6889:0/SimpleConnection@37816ea6 [delegate=amqp://guest@127.0.0.1:5672/, localPort=58746]
2023-11-22 20:38:27.056  INFO 24228 --- [main] (system) c.t.b.service.BloodPressureServiceTest   : Started BloodPressureServiceTest in 6.443 seconds (process running for 7.393)
2023-11-22 20:38:27.844  INFO 24228 --- [org.springframework.amqp.rabbit.RabbitListenerEndpointContainer#0-2] (system) o.s.a.r.l.SimpleMessageListenerContainer : Waiting for workers to finish.
2023-11-22 20:38:28.050  INFO 24228 --- [org.springframework.amqp.rabbit.RabbitListenerEndpointContainer#0-2] (system) o.s.a.r.l.SimpleMessageListenerContainer : Successfully waited for workers to finish.
2023-11-22 20:38:28.056  INFO 24228 --- [SpringApplicationShutdownHook] (system) com.zaxxer.hikari.HikariDataSource       : HikariPool-1 - Shutdown initiated...
2023-11-22 20:38:28.065  INFO 24228 --- [SpringApplicationShutdownHook] (system) com.zaxxer.hikari.HikariDataSource       : HikariPool-1 - Shutdown completed.
2023-11-22 20:39:13.380  INFO 24032 --- [main] (system) c.t.b.service.BloodPressureServiceTest   : Starting BloodPressureServiceTest using Java 17.0.8 with PID 24032 (started by 23745 in D:\Class\大三秋季学期\软件工程\TriGuard\TriGuardBackend)
2023-11-22 20:39:13.383  INFO 24032 --- [main] (system) c.t.b.service.BloodPressureServiceTest   : The following 1 profile is active: "dev"
2023-11-22 20:39:14.564  INFO 24032 --- [main] (system) .s.d.r.c.RepositoryConfigurationDelegate : Multiple Spring Data modules found, entering strict repository configuration mode
2023-11-22 20:39:14.567  INFO 24032 --- [main] (system) .s.d.r.c.RepositoryConfigurationDelegate : Bootstrapping Spring Data Redis repositories in DEFAULT mode.
2023-11-22 20:39:14.602  INFO 24032 --- [main] (system) .s.d.r.c.RepositoryConfigurationDelegate : Finished Spring Data repository scanning in 12 ms. Found 0 Redis repository interfaces.
2023-11-22 20:39:17.116  INFO 24032 --- [main] (system) o.s.s.web.DefaultSecurityFilterChain     : Will secure any request with [org.springframework.security.web.session.DisableEncodeUrlFilter@1031c1a0, org.springframework.security.web.context.request.async.WebAsyncManagerIntegrationFilter@519b0f00, org.springframework.security.web.context.SecurityContextHolderFilter@17332039, org.springframework.security.web.header.HeaderWriterFilter@7438c3d5, org.springframework.security.web.authentication.logout.LogoutFilter@55fe9c2f, com.triguard.backend.filter.JwtAuthenticationFilter@4888d1ea, com.triguard.backend.filter.RequestLogFilter@217b0952, org.springframework.security.web.authentication.UsernamePasswordAuthenticationFilter@86bf90b, org.springframework.security.web.savedrequest.RequestCacheAwareFilter@71418a4a, org.springframework.security.web.servletapi.SecurityContextHolderAwareRequestFilter@103bcc9f, org.springframework.security.web.authentication.AnonymousAuthenticationFilter@3fd9e01c, org.springframework.security.web.session.SessionManagementFilter@3aab42d6, org.springframework.security.web.access.ExceptionTranslationFilter@2ca132ad, org.springframework.security.web.access.intercept.AuthorizationFilter@264576e4]
2023-11-22 20:39:18.245  INFO 24032 --- [main] (system) o.f.c.internal.license.VersionPrinter    : Flyway Community Edition 9.16.3 by Redgate
2023-11-22 20:39:18.245  INFO 24032 --- [main] (system) o.f.c.internal.license.VersionPrinter    : See release notes here: https://rd.gt/416ObMi
2023-11-22 20:39:18.245  INFO 24032 --- [main] (system) o.f.c.internal.license.VersionPrinter    : 
2023-11-22 20:39:18.252  INFO 24032 --- [main] (system) com.zaxxer.hikari.HikariDataSource       : HikariPool-1 - Starting...
2023-11-22 20:39:18.399  INFO 24032 --- [main] (system) com.zaxxer.hikari.pool.HikariPool        : HikariPool-1 - Added connection com.mysql.cj.jdbc.ConnectionImpl@7167d81b
2023-11-22 20:39:18.401  INFO 24032 --- [main] (system) com.zaxxer.hikari.HikariDataSource       : HikariPool-1 - Start completed.
2023-11-22 20:39:18.425  INFO 24032 --- [main] (system) o.f.c.i.database.base.BaseDatabaseType   : Database: jdbc:mysql://localhost:3306/triguard (MySQL 8.0)
2023-11-22 20:39:18.470  INFO 24032 --- [main] (system) o.f.core.internal.command.DbValidate     : Successfully validated 1 migration (execution time 00:00.014s)
2023-11-22 20:39:18.482  INFO 24032 --- [main] (system) o.f.core.internal.command.DbMigrate      : Current version of schema `triguard`: 1
2023-11-22 20:39:18.483  INFO 24032 --- [main] (system) o.f.core.internal.command.DbMigrate      : Schema `triguard` is up to date. No migration necessary.
2023-11-22 20:39:18.618  INFO 24032 --- [main] (system) o.s.a.r.c.CachingConnectionFactory       : Attempting to connect to: [localhost:5672]
2023-11-22 20:39:18.673  INFO 24032 --- [main] (system) o.s.a.r.c.CachingConnectionFactory       : Created new connection: rabbitConnectionFactory#702096ef:0/SimpleConnection@7602c65d [delegate=amqp://guest@127.0.0.1:5672/, localPort=58815]
2023-11-22 20:39:18.748  INFO 24032 --- [main] (system) c.t.b.service.BloodPressureServiceTest   : Started BloodPressureServiceTest in 5.91 seconds (process running for 6.858)
2023-11-22 20:39:19.517  INFO 24032 --- [org.springframework.amqp.rabbit.RabbitListenerEndpointContainer#0-2] (system) o.s.a.r.l.SimpleMessageListenerContainer : Waiting for workers to finish.
2023-11-22 20:39:19.747  INFO 24032 --- [org.springframework.amqp.rabbit.RabbitListenerEndpointContainer#0-2] (system) o.s.a.r.l.SimpleMessageListenerContainer : Successfully waited for workers to finish.
2023-11-22 20:39:19.754  INFO 24032 --- [SpringApplicationShutdownHook] (system) com.zaxxer.hikari.HikariDataSource       : HikariPool-1 - Shutdown initiated...
2023-11-22 20:39:19.762  INFO 24032 --- [SpringApplicationShutdownHook] (system) com.zaxxer.hikari.HikariDataSource       : HikariPool-1 - Shutdown completed.
2023-11-22 20:45:21.208  INFO 25880 --- [main] (system) c.t.b.service.BloodPressureServiceTest   : Starting BloodPressureServiceTest using Java 17.0.8 with PID 25880 (started by 23745 in D:\Class\大三秋季学期\软件工程\TriGuard\TriGuardBackend)
2023-11-22 20:45:21.210  INFO 25880 --- [main] (system) c.t.b.service.BloodPressureServiceTest   : The following 1 profile is active: "dev"
2023-11-22 20:45:22.296  INFO 25880 --- [main] (system) .s.d.r.c.RepositoryConfigurationDelegate : Multiple Spring Data modules found, entering strict repository configuration mode
2023-11-22 20:45:22.299  INFO 25880 --- [main] (system) .s.d.r.c.RepositoryConfigurationDelegate : Bootstrapping Spring Data Redis repositories in DEFAULT mode.
2023-11-22 20:45:22.337  INFO 25880 --- [main] (system) .s.d.r.c.RepositoryConfigurationDelegate : Finished Spring Data repository scanning in 13 ms. Found 0 Redis repository interfaces.
2023-11-22 20:45:24.781  INFO 25880 --- [main] (system) o.s.s.web.DefaultSecurityFilterChain     : Will secure any request with [org.springframework.security.web.session.DisableEncodeUrlFilter@2052f095, org.springframework.security.web.context.request.async.WebAsyncManagerIntegrationFilter@76d1f6ea, org.springframework.security.web.context.SecurityContextHolderFilter@6dd2e453, org.springframework.security.web.header.HeaderWriterFilter@114b2414, org.springframework.security.web.authentication.logout.LogoutFilter@3d8bd881, com.triguard.backend.filter.JwtAuthenticationFilter@55fe9c2f, com.triguard.backend.filter.RequestLogFilter@3580134d, org.springframework.security.web.authentication.UsernamePasswordAuthenticationFilter@6ab1f85b, org.springframework.security.web.savedrequest.RequestCacheAwareFilter@5d5cd210, org.springframework.security.web.servletapi.SecurityContextHolderAwareRequestFilter@4e20a985, org.springframework.security.web.authentication.AnonymousAuthenticationFilter@2e19b30, org.springframework.security.web.session.SessionManagementFilter@465d1345, org.springframework.security.web.access.ExceptionTranslationFilter@674ed201, org.springframework.security.web.access.intercept.AuthorizationFilter@4d0abb23]
2023-11-22 20:45:26.015  INFO 25880 --- [main] (system) o.f.c.internal.license.VersionPrinter    : Flyway Community Edition 9.16.3 by Redgate
2023-11-22 20:45:26.015  INFO 25880 --- [main] (system) o.f.c.internal.license.VersionPrinter    : See release notes here: https://rd.gt/416ObMi
2023-11-22 20:45:26.015  INFO 25880 --- [main] (system) o.f.c.internal.license.VersionPrinter    : 
2023-11-22 20:45:26.022  INFO 25880 --- [main] (system) com.zaxxer.hikari.HikariDataSource       : HikariPool-1 - Starting...
2023-11-22 20:45:26.168  INFO 25880 --- [main] (system) com.zaxxer.hikari.pool.HikariPool        : HikariPool-1 - Added connection com.mysql.cj.jdbc.ConnectionImpl@34c6b52e
2023-11-22 20:45:26.170  INFO 25880 --- [main] (system) com.zaxxer.hikari.HikariDataSource       : HikariPool-1 - Start completed.
2023-11-22 20:45:26.204  INFO 25880 --- [main] (system) o.f.c.i.database.base.BaseDatabaseType   : Database: jdbc:mysql://localhost:3306/triguard (MySQL 8.0)
2023-11-22 20:45:26.236  INFO 25880 --- [main] (system) o.f.core.internal.command.DbValidate     : Successfully validated 1 migration (execution time 00:00.014s)
2023-11-22 20:45:26.250  INFO 25880 --- [main] (system) o.f.core.internal.command.DbMigrate      : Current version of schema `triguard`: 1
2023-11-22 20:45:26.251  INFO 25880 --- [main] (system) o.f.core.internal.command.DbMigrate      : Schema `triguard` is up to date. No migration necessary.
2023-11-22 20:45:26.465  INFO 25880 --- [main] (system) o.s.a.r.c.CachingConnectionFactory       : Attempting to connect to: [localhost:5672]
2023-11-22 20:45:26.591  INFO 25880 --- [main] (system) o.s.a.r.c.CachingConnectionFactory       : Created new connection: rabbitConnectionFactory#16cf7fd0:0/SimpleConnection@c7a1db6 [delegate=amqp://guest@127.0.0.1:5672/, localPort=50610]
2023-11-22 20:45:26.692  INFO 25880 --- [main] (system) c.t.b.service.BloodPressureServiceTest   : Started BloodPressureServiceTest in 6.108 seconds (process running for 7.053)
2023-11-22 20:45:27.670  INFO 25880 --- [org.springframework.amqp.rabbit.RabbitListenerEndpointContainer#0-2] (system) o.s.a.r.l.SimpleMessageListenerContainer : Waiting for workers to finish.
2023-11-22 20:45:27.682  INFO 25880 --- [org.springframework.amqp.rabbit.RabbitListenerEndpointContainer#0-2] (system) o.s.a.r.l.SimpleMessageListenerContainer : Successfully waited for workers to finish.
2023-11-22 20:45:27.689  INFO 25880 --- [SpringApplicationShutdownHook] (system) com.zaxxer.hikari.HikariDataSource       : HikariPool-1 - Shutdown initiated...
2023-11-22 20:45:27.700  INFO 25880 --- [SpringApplicationShutdownHook] (system) com.zaxxer.hikari.HikariDataSource       : HikariPool-1 - Shutdown completed.
2023-11-22 20:50:12.999  INFO 27360 --- [main] (system) c.t.b.service.BloodPressureServiceTest   : Starting BloodPressureServiceTest using Java 17.0.8 with PID 27360 (started by 23745 in D:\Class\大三秋季学期\软件工程\TriGuard\TriGuardBackend)
2023-11-22 20:50:13.001  INFO 27360 --- [main] (system) c.t.b.service.BloodPressureServiceTest   : The following 1 profile is active: "dev"
2023-11-22 20:50:14.291  INFO 27360 --- [main] (system) .s.d.r.c.RepositoryConfigurationDelegate : Multiple Spring Data modules found, entering strict repository configuration mode
2023-11-22 20:50:14.295  INFO 27360 --- [main] (system) .s.d.r.c.RepositoryConfigurationDelegate : Bootstrapping Spring Data Redis repositories in DEFAULT mode.
2023-11-22 20:50:14.328  INFO 27360 --- [main] (system) .s.d.r.c.RepositoryConfigurationDelegate : Finished Spring Data repository scanning in 13 ms. Found 0 Redis repository interfaces.
2023-11-22 20:50:17.199  INFO 27360 --- [main] (system) o.s.s.web.DefaultSecurityFilterChain     : Will secure any request with [org.springframework.security.web.session.DisableEncodeUrlFilter@2052f095, org.springframework.security.web.context.request.async.WebAsyncManagerIntegrationFilter@76d1f6ea, org.springframework.security.web.context.SecurityContextHolderFilter@6dd2e453, org.springframework.security.web.header.HeaderWriterFilter@114b2414, org.springframework.security.web.authentication.logout.LogoutFilter@3d8bd881, com.triguard.backend.filter.JwtAuthenticationFilter@55fe9c2f, com.triguard.backend.filter.RequestLogFilter@3580134d, org.springframework.security.web.authentication.UsernamePasswordAuthenticationFilter@6ab1f85b, org.springframework.security.web.savedrequest.RequestCacheAwareFilter@5d5cd210, org.springframework.security.web.servletapi.SecurityContextHolderAwareRequestFilter@4e20a985, org.springframework.security.web.authentication.AnonymousAuthenticationFilter@2e19b30, org.springframework.security.web.session.SessionManagementFilter@465d1345, org.springframework.security.web.access.ExceptionTranslationFilter@674ed201, org.springframework.security.web.access.intercept.AuthorizationFilter@4d0abb23]
2023-11-22 20:50:18.342  INFO 27360 --- [main] (system) o.f.c.internal.license.VersionPrinter    : Flyway Community Edition 9.16.3 by Redgate
2023-11-22 20:50:18.342  INFO 27360 --- [main] (system) o.f.c.internal.license.VersionPrinter    : See release notes here: https://rd.gt/416ObMi
2023-11-22 20:50:18.342  INFO 27360 --- [main] (system) o.f.c.internal.license.VersionPrinter    : 
2023-11-22 20:50:18.348  INFO 27360 --- [main] (system) com.zaxxer.hikari.HikariDataSource       : HikariPool-1 - Starting...
2023-11-22 20:50:18.505  INFO 27360 --- [main] (system) com.zaxxer.hikari.pool.HikariPool        : HikariPool-1 - Added connection com.mysql.cj.jdbc.ConnectionImpl@25e203e6
2023-11-22 20:50:18.508  INFO 27360 --- [main] (system) com.zaxxer.hikari.HikariDataSource       : HikariPool-1 - Start completed.
2023-11-22 20:50:18.540  INFO 27360 --- [main] (system) o.f.c.i.database.base.BaseDatabaseType   : Database: jdbc:mysql://localhost:3306/triguard (MySQL 8.0)
2023-11-22 20:50:18.580  INFO 27360 --- [main] (system) o.f.core.internal.command.DbValidate     : Successfully validated 1 migration (execution time 00:00.015s)
2023-11-22 20:50:18.591  INFO 27360 --- [main] (system) o.f.core.internal.command.DbMigrate      : Current version of schema `triguard`: 1
2023-11-22 20:50:18.592  INFO 27360 --- [main] (system) o.f.core.internal.command.DbMigrate      : Schema `triguard` is up to date. No migration necessary.
2023-11-22 20:50:18.755  INFO 27360 --- [main] (system) o.s.a.r.c.CachingConnectionFactory       : Attempting to connect to: [localhost:5672]
2023-11-22 20:50:18.876  INFO 27360 --- [main] (system) o.s.a.r.c.CachingConnectionFactory       : Created new connection: rabbitConnectionFactory#16cf7fd0:0/SimpleConnection@c7a1db6 [delegate=amqp://guest@127.0.0.1:5672/, localPort=56517]
2023-11-22 20:50:19.021  INFO 27360 --- [main] (system) c.t.b.service.BloodPressureServiceTest   : Started BloodPressureServiceTest in 6.584 seconds (process running for 7.525)
2023-11-22 20:50:19.844  INFO 27360 --- [org.springframework.amqp.rabbit.RabbitListenerEndpointContainer#0-2] (system) o.s.a.r.l.SimpleMessageListenerContainer : Waiting for workers to finish.
2023-11-22 20:50:20.017  INFO 27360 --- [org.springframework.amqp.rabbit.RabbitListenerEndpointContainer#0-2] (system) o.s.a.r.l.SimpleMessageListenerContainer : Successfully waited for workers to finish.
2023-11-22 20:50:20.024  INFO 27360 --- [SpringApplicationShutdownHook] (system) com.zaxxer.hikari.HikariDataSource       : HikariPool-1 - Shutdown initiated...
2023-11-22 20:50:20.032  INFO 27360 --- [SpringApplicationShutdownHook] (system) com.zaxxer.hikari.HikariDataSource       : HikariPool-1 - Shutdown completed.
2023-11-22 20:51:07.025  INFO 2228 --- [main] (system) c.t.b.service.BloodPressureServiceTest   : Starting BloodPressureServiceTest using Java 17.0.8 with PID 2228 (started by 23745 in D:\Class\大三秋季学期\软件工程\TriGuard\TriGuardBackend)
2023-11-22 20:51:07.026  INFO 2228 --- [main] (system) c.t.b.service.BloodPressureServiceTest   : The following 1 profile is active: "dev"
2023-11-22 20:51:08.118  INFO 2228 --- [main] (system) .s.d.r.c.RepositoryConfigurationDelegate : Multiple Spring Data modules found, entering strict repository configuration mode
2023-11-22 20:51:08.121  INFO 2228 --- [main] (system) .s.d.r.c.RepositoryConfigurationDelegate : Bootstrapping Spring Data Redis repositories in DEFAULT mode.
2023-11-22 20:51:08.157  INFO 2228 --- [main] (system) .s.d.r.c.RepositoryConfigurationDelegate : Finished Spring Data repository scanning in 13 ms. Found 0 Redis repository interfaces.
2023-11-22 20:51:10.713  INFO 2228 --- [main] (system) o.s.s.web.DefaultSecurityFilterChain     : Will secure any request with [org.springframework.security.web.session.DisableEncodeUrlFilter@6ab1f85b, org.springframework.security.web.context.request.async.WebAsyncManagerIntegrationFilter@10e8c7a2, org.springframework.security.web.context.SecurityContextHolderFilter@57920d6c, org.springframework.security.web.header.HeaderWriterFilter@301d84f6, org.springframework.security.web.authentication.logout.LogoutFilter@6d5508a5, com.triguard.backend.filter.JwtAuthenticationFilter@5d8fd077, com.triguard.backend.filter.RequestLogFilter@4544ab46, org.springframework.security.web.authentication.UsernamePasswordAuthenticationFilter@66682e8f, org.springframework.security.web.savedrequest.RequestCacheAwareFilter@62cf86d6, org.springframework.security.web.servletapi.SecurityContextHolderAwareRequestFilter@5d5cd210, org.springframework.security.web.authentication.AnonymousAuthenticationFilter@2052f095, org.springframework.security.web.session.SessionManagementFilter@674ed201, org.springframework.security.web.access.ExceptionTranslationFilter@311a09b2, org.springframework.security.web.access.intercept.AuthorizationFilter@6968bb65]
2023-11-22 20:51:12.026  INFO 2228 --- [main] (system) o.f.c.internal.license.VersionPrinter    : Flyway Community Edition 9.16.3 by Redgate
2023-11-22 20:51:12.026  INFO 2228 --- [main] (system) o.f.c.internal.license.VersionPrinter    : See release notes here: https://rd.gt/416ObMi
2023-11-22 20:51:12.026  INFO 2228 --- [main] (system) o.f.c.internal.license.VersionPrinter    : 
2023-11-22 20:51:12.034  INFO 2228 --- [main] (system) com.zaxxer.hikari.HikariDataSource       : HikariPool-1 - Starting...
2023-11-22 20:51:12.170  INFO 2228 --- [main] (system) com.zaxxer.hikari.pool.HikariPool        : HikariPool-1 - Added connection com.mysql.cj.jdbc.ConnectionImpl@23cb8fcb
2023-11-22 20:51:12.172  INFO 2228 --- [main] (system) com.zaxxer.hikari.HikariDataSource       : HikariPool-1 - Start completed.
2023-11-22 20:51:12.204  INFO 2228 --- [main] (system) o.f.c.i.database.base.BaseDatabaseType   : Database: jdbc:mysql://localhost:3306/triguard (MySQL 8.0)
2023-11-22 20:51:12.237  INFO 2228 --- [main] (system) o.f.core.internal.command.DbValidate     : Successfully validated 1 migration (execution time 00:00.012s)
2023-11-22 20:51:12.250  INFO 2228 --- [main] (system) o.f.core.internal.command.DbMigrate      : Current version of schema `triguard`: 1
2023-11-22 20:51:12.251  INFO 2228 --- [main] (system) o.f.core.internal.command.DbMigrate      : Schema `triguard` is up to date. No migration necessary.
2023-11-22 20:51:12.380  INFO 2228 --- [main] (system) o.s.a.r.c.CachingConnectionFactory       : Attempting to connect to: [localhost:5672]
2023-11-22 20:51:12.428  INFO 2228 --- [main] (system) o.s.a.r.c.CachingConnectionFactory       : Created new connection: rabbitConnectionFactory#3d71e10b:0/SimpleConnection@35b79b1f [delegate=amqp://guest@127.0.0.1:5672/, localPort=56565]
2023-11-22 20:51:12.488  INFO 2228 --- [main] (system) c.t.b.service.BloodPressureServiceTest   : Started BloodPressureServiceTest in 6.033 seconds (process running for 6.976)
2023-11-22 20:51:13.286  INFO 2228 --- [org.springframework.amqp.rabbit.RabbitListenerEndpointContainer#0-2] (system) o.s.a.r.l.SimpleMessageListenerContainer : Waiting for workers to finish.
2023-11-22 20:51:13.487  INFO 2228 --- [org.springframework.amqp.rabbit.RabbitListenerEndpointContainer#0-2] (system) o.s.a.r.l.SimpleMessageListenerContainer : Successfully waited for workers to finish.
2023-11-22 20:51:13.494  INFO 2228 --- [SpringApplicationShutdownHook] (system) com.zaxxer.hikari.HikariDataSource       : HikariPool-1 - Shutdown initiated...
2023-11-22 20:51:13.500  INFO 2228 --- [SpringApplicationShutdownHook] (system) com.zaxxer.hikari.HikariDataSource       : HikariPool-1 - Shutdown completed.
2023-11-22 20:53:46.911  INFO 26572 --- [main] (system) c.t.b.service.BloodPressureServiceTest   : Starting BloodPressureServiceTest using Java 17.0.8 with PID 26572 (started by 23745 in D:\Class\大三秋季学期\软件工程\TriGuard\TriGuardBackend)
2023-11-22 20:53:46.913  INFO 26572 --- [main] (system) c.t.b.service.BloodPressureServiceTest   : The following 1 profile is active: "dev"
2023-11-22 20:53:48.075  INFO 26572 --- [main] (system) .s.d.r.c.RepositoryConfigurationDelegate : Multiple Spring Data modules found, entering strict repository configuration mode
2023-11-22 20:53:48.078  INFO 26572 --- [main] (system) .s.d.r.c.RepositoryConfigurationDelegate : Bootstrapping Spring Data Redis repositories in DEFAULT mode.
2023-11-22 20:53:48.112  INFO 26572 --- [main] (system) .s.d.r.c.RepositoryConfigurationDelegate : Finished Spring Data repository scanning in 13 ms. Found 0 Redis repository interfaces.
2023-11-22 20:53:50.681  INFO 26572 --- [main] (system) o.s.s.web.DefaultSecurityFilterChain     : Will secure any request with [org.springframework.security.web.session.DisableEncodeUrlFilter@3580134d, org.springframework.security.web.context.request.async.WebAsyncManagerIntegrationFilter@2e19b30, org.springframework.security.web.context.SecurityContextHolderFilter@14d18029, org.springframework.security.web.header.HeaderWriterFilter@62cf86d6, org.springframework.security.web.authentication.logout.LogoutFilter@2cdcfaa6, com.triguard.backend.filter.JwtAuthenticationFilter@7b7e4b20, com.triguard.backend.filter.RequestLogFilter@5ac0bf84, org.springframework.security.web.authentication.UsernamePasswordAuthenticationFilter@4544ab46, org.springframework.security.web.savedrequest.RequestCacheAwareFilter@75d7297d, org.springframework.security.web.servletapi.SecurityContextHolderAwareRequestFilter@2ca132ad, org.springframework.security.web.authentication.AnonymousAuthenticationFilter@6fefc5ea, org.springframework.security.web.session.SessionManagementFilter@6dd2e453, org.springframework.security.web.access.ExceptionTranslationFilter@57920d6c, org.springframework.security.web.access.intercept.AuthorizationFilter@5d8fd077]
2023-11-22 20:53:51.958  INFO 26572 --- [main] (system) o.f.c.internal.license.VersionPrinter    : Flyway Community Edition 9.16.3 by Redgate
2023-11-22 20:53:51.959  INFO 26572 --- [main] (system) o.f.c.internal.license.VersionPrinter    : See release notes here: https://rd.gt/416ObMi
2023-11-22 20:53:51.959  INFO 26572 --- [main] (system) o.f.c.internal.license.VersionPrinter    : 
2023-11-22 20:53:51.966  INFO 26572 --- [main] (system) com.zaxxer.hikari.HikariDataSource       : HikariPool-1 - Starting...
2023-11-22 20:53:52.095  INFO 26572 --- [main] (system) com.zaxxer.hikari.pool.HikariPool        : HikariPool-1 - Added connection com.mysql.cj.jdbc.ConnectionImpl@8b1bfdf
2023-11-22 20:53:52.097  INFO 26572 --- [main] (system) com.zaxxer.hikari.HikariDataSource       : HikariPool-1 - Start completed.
2023-11-22 20:53:52.132  INFO 26572 --- [main] (system) o.f.c.i.database.base.BaseDatabaseType   : Database: jdbc:mysql://localhost:3306/triguard (MySQL 8.0)
2023-11-22 20:53:52.163  INFO 26572 --- [main] (system) o.f.core.internal.command.DbValidate     : Successfully validated 1 migration (execution time 00:00.013s)
2023-11-22 20:53:52.177  INFO 26572 --- [main] (system) o.f.core.internal.command.DbMigrate      : Current version of schema `triguard`: 1
2023-11-22 20:53:52.178  INFO 26572 --- [main] (system) o.f.core.internal.command.DbMigrate      : Schema `triguard` is up to date. No migration necessary.
2023-11-22 20:53:52.364  INFO 26572 --- [main] (system) o.s.a.r.c.CachingConnectionFactory       : Attempting to connect to: [localhost:5672]
2023-11-22 20:53:52.495  INFO 26572 --- [main] (system) o.s.a.r.c.CachingConnectionFactory       : Created new connection: rabbitConnectionFactory#7ff6804a:0/SimpleConnection@2e1c8027 [delegate=amqp://guest@127.0.0.1:5672/, localPort=58932]
2023-11-22 20:53:52.620  INFO 26572 --- [main] (system) c.t.b.service.BloodPressureServiceTest   : Started BloodPressureServiceTest in 6.257 seconds (process running for 7.194)
2023-11-22 20:53:53.441  INFO 26572 --- [org.springframework.amqp.rabbit.RabbitListenerEndpointContainer#0-2] (system) o.s.a.r.l.SimpleMessageListenerContainer : Waiting for workers to finish.
2023-11-22 20:53:53.618  INFO 26572 --- [org.springframework.amqp.rabbit.RabbitListenerEndpointContainer#0-2] (system) o.s.a.r.l.SimpleMessageListenerContainer : Successfully waited for workers to finish.
2023-11-22 20:53:53.625  INFO 26572 --- [SpringApplicationShutdownHook] (system) com.zaxxer.hikari.HikariDataSource       : HikariPool-1 - Shutdown initiated...
2023-11-22 20:53:53.631  INFO 26572 --- [SpringApplicationShutdownHook] (system) com.zaxxer.hikari.HikariDataSource       : HikariPool-1 - Shutdown completed.
2023-11-22 20:55:31.972  INFO 18584 --- [main] (system) c.t.b.service.BloodPressureServiceTest   : Starting BloodPressureServiceTest using Java 17.0.8 with PID 18584 (started by 23745 in D:\Class\大三秋季学期\软件工程\TriGuard\TriGuardBackend)
2023-11-22 20:55:31.973  INFO 18584 --- [main] (system) c.t.b.service.BloodPressureServiceTest   : The following 1 profile is active: "dev"
2023-11-22 20:55:33.184  INFO 18584 --- [main] (system) .s.d.r.c.RepositoryConfigurationDelegate : Multiple Spring Data modules found, entering strict repository configuration mode
2023-11-22 20:55:33.187  INFO 18584 --- [main] (system) .s.d.r.c.RepositoryConfigurationDelegate : Bootstrapping Spring Data Redis repositories in DEFAULT mode.
2023-11-22 20:55:33.226  INFO 18584 --- [main] (system) .s.d.r.c.RepositoryConfigurationDelegate : Finished Spring Data repository scanning in 13 ms. Found 0 Redis repository interfaces.
2023-11-22 20:55:35.793  INFO 18584 --- [main] (system) o.s.s.web.DefaultSecurityFilterChain     : Will secure any request with [org.springframework.security.web.session.DisableEncodeUrlFilter@1031c1a0, org.springframework.security.web.context.request.async.WebAsyncManagerIntegrationFilter@519b0f00, org.springframework.security.web.context.SecurityContextHolderFilter@17332039, org.springframework.security.web.header.HeaderWriterFilter@7438c3d5, org.springframework.security.web.authentication.logout.LogoutFilter@55fe9c2f, com.triguard.backend.filter.JwtAuthenticationFilter@4888d1ea, com.triguard.backend.filter.RequestLogFilter@217b0952, org.springframework.security.web.authentication.UsernamePasswordAuthenticationFilter@86bf90b, org.springframework.security.web.savedrequest.RequestCacheAwareFilter@71418a4a, org.springframework.security.web.servletapi.SecurityContextHolderAwareRequestFilter@103bcc9f, org.springframework.security.web.authentication.AnonymousAuthenticationFilter@3fd9e01c, org.springframework.security.web.session.SessionManagementFilter@3aab42d6, org.springframework.security.web.access.ExceptionTranslationFilter@2ca132ad, org.springframework.security.web.access.intercept.AuthorizationFilter@264576e4]
2023-11-22 20:55:36.962  INFO 18584 --- [main] (system) o.f.c.internal.license.VersionPrinter    : Flyway Community Edition 9.16.3 by Redgate
2023-11-22 20:55:36.963  INFO 18584 --- [main] (system) o.f.c.internal.license.VersionPrinter    : See release notes here: https://rd.gt/416ObMi
2023-11-22 20:55:36.963  INFO 18584 --- [main] (system) o.f.c.internal.license.VersionPrinter    : 
2023-11-22 20:55:36.969  INFO 18584 --- [main] (system) com.zaxxer.hikari.HikariDataSource       : HikariPool-1 - Starting...
2023-11-22 20:55:37.105  INFO 18584 --- [main] (system) com.zaxxer.hikari.pool.HikariPool        : HikariPool-1 - Added connection com.mysql.cj.jdbc.ConnectionImpl@229d508c
2023-11-22 20:55:37.112  INFO 18584 --- [main] (system) com.zaxxer.hikari.HikariDataSource       : HikariPool-1 - Start completed.
2023-11-22 20:55:37.141  INFO 18584 --- [main] (system) o.f.c.i.database.base.BaseDatabaseType   : Database: jdbc:mysql://localhost:3306/triguard (MySQL 8.0)
2023-11-22 20:55:37.172  INFO 18584 --- [main] (system) o.f.core.internal.command.DbValidate     : Successfully validated 1 migration (execution time 00:00.012s)
2023-11-22 20:55:37.186  INFO 18584 --- [main] (system) o.f.core.internal.command.DbMigrate      : Current version of schema `triguard`: 1
2023-11-22 20:55:37.186  INFO 18584 --- [main] (system) o.f.core.internal.command.DbMigrate      : Schema `triguard` is up to date. No migration necessary.
2023-11-22 20:55:37.442  INFO 18584 --- [main] (system) o.s.a.r.c.CachingConnectionFactory       : Attempting to connect to: [localhost:5672]
2023-11-22 20:55:37.553  INFO 18584 --- [main] (system) o.s.a.r.c.CachingConnectionFactory       : Created new connection: rabbitConnectionFactory#702096ef:0/SimpleConnection@5a5c2889 [delegate=amqp://guest@127.0.0.1:5672/, localPort=50576]
2023-11-22 20:55:37.641  INFO 18584 --- [main] (system) c.t.b.service.BloodPressureServiceTest   : Started BloodPressureServiceTest in 6.252 seconds (process running for 7.197)
2023-11-22 20:55:38.500  INFO 18584 --- [org.springframework.amqp.rabbit.RabbitListenerEndpointContainer#0-2] (system) o.s.a.r.l.SimpleMessageListenerContainer : Waiting for workers to finish.
2023-11-22 20:55:38.636  INFO 18584 --- [org.springframework.amqp.rabbit.RabbitListenerEndpointContainer#0-2] (system) o.s.a.r.l.SimpleMessageListenerContainer : Successfully waited for workers to finish.
2023-11-22 20:55:38.643  INFO 18584 --- [SpringApplicationShutdownHook] (system) com.zaxxer.hikari.HikariDataSource       : HikariPool-1 - Shutdown initiated...
2023-11-22 20:55:38.651  INFO 18584 --- [SpringApplicationShutdownHook] (system) com.zaxxer.hikari.HikariDataSource       : HikariPool-1 - Shutdown completed.
